TpTrace Verbose: 0 : 19804, 1, 2021/09/20, 18:32:16.206, 58329237481, vstest.console.dll, Version: 17.0.0-preview-20210715-01
TpTrace Information: 0 : 19804, 1, 2021/09/20, 18:32:16.216, 58329330539, vstest.console.dll, FilePatternParser: The given file C:\Users\hp\Desktop\MyProjects\Expense-Management-System-Api\ExpenseManagementSystem\ExpenseManagementSystem.Test\bin\Debug\net5.0\fine-code-coverage\build-output\ExpenseManagementSystem.Test.dll is a full path.
TpTrace Verbose: 0 : 19804, 1, 2021/09/20, 18:32:16.221, 58329376788, vstest.console.dll, TestPluginCache.DiscoverTestExtensions: finding test extensions in assemblies ends with: RuntimeProvider.dll TPluginInfo: Microsoft.VisualStudio.TestPlatform.Common.ExtensionFramework.Utilities.TestRuntimePluginInformation TExtension: Microsoft.VisualStudio.TestPlatform.ObjectModel.Host.ITestRuntimeProvider
TpTrace Verbose: 0 : 19804, 1, 2021/09/20, 18:32:16.226, 58329433129, vstest.console.dll, TestPluginCache.GetExtensionPaths: Filtered extension paths: 
TpTrace Verbose: 0 : 19804, 1, 2021/09/20, 18:32:16.226, 58329434837, vstest.console.dll, TestPluginCache.GetExtensionPaths: Added default extension paths: C:\Program Files\dotnet\sdk\6.0.100-preview.7.21379.14\Extensions\Microsoft.Diagnostics.NETCore.Client.dll
C:\Program Files\dotnet\sdk\6.0.100-preview.7.21379.14\Extensions\Microsoft.TestPlatform.Extensions.BlameDataCollector.dll
C:\Program Files\dotnet\sdk\6.0.100-preview.7.21379.14\Extensions\Microsoft.TestPlatform.Extensions.EventLogCollector.dll
C:\Program Files\dotnet\sdk\6.0.100-preview.7.21379.14\Extensions\Microsoft.TestPlatform.TestHostRuntimeProvider.dll
C:\Program Files\dotnet\sdk\6.0.100-preview.7.21379.14\Extensions\Microsoft.VisualStudio.TestPlatform.Extensions.Html.TestLogger.dll
C:\Program Files\dotnet\sdk\6.0.100-preview.7.21379.14\Extensions\Microsoft.VisualStudio.TestPlatform.Extensions.Trx.TestLogger.dll
TpTrace Verbose: 0 : 19804, 1, 2021/09/20, 18:32:16.227, 58329435410, vstest.console.dll, TestPluginCache.GetExtensionPaths: Added unfilterableExtensionPaths: 
TpTrace Information: 0 : 19804, 1, 2021/09/20, 18:32:16.227, 58329444440, vstest.console.dll, AssemblyResolver.ctor: Creating AssemblyResolver with searchDirectories C:\Program Files\dotnet\sdk\6.0.100-preview.7.21379.14\Extensions,C:\Program Files\dotnet\sdk\6.0.100-preview.7.21379.14
TpTrace Verbose: 0 : 19804, 1, 2021/09/20, 18:32:16.229, 58329458151, vstest.console.dll, TestPluginCache.DiscoverTestExtensions: Discovering the extensions using extension path.
TpTrace Verbose: 0 : 19804, 1, 2021/09/20, 18:32:16.229, 58329459606, vstest.console.dll, TestPluginCache.GetExtensionPaths: Filtered extension paths: 
TpTrace Verbose: 0 : 19804, 1, 2021/09/20, 18:32:16.229, 58329460000, vstest.console.dll, TestPluginCache.GetExtensionPaths: Added default extension paths: C:\Program Files\dotnet\sdk\6.0.100-preview.7.21379.14\Extensions\Microsoft.Diagnostics.NETCore.Client.dll
C:\Program Files\dotnet\sdk\6.0.100-preview.7.21379.14\Extensions\Microsoft.TestPlatform.Extensions.BlameDataCollector.dll
C:\Program Files\dotnet\sdk\6.0.100-preview.7.21379.14\Extensions\Microsoft.TestPlatform.Extensions.EventLogCollector.dll
C:\Program Files\dotnet\sdk\6.0.100-preview.7.21379.14\Extensions\Microsoft.TestPlatform.TestHostRuntimeProvider.dll
C:\Program Files\dotnet\sdk\6.0.100-preview.7.21379.14\Extensions\Microsoft.VisualStudio.TestPlatform.Extensions.Html.TestLogger.dll
C:\Program Files\dotnet\sdk\6.0.100-preview.7.21379.14\Extensions\Microsoft.VisualStudio.TestPlatform.Extensions.Trx.TestLogger.dll
TpTrace Verbose: 0 : 19804, 1, 2021/09/20, 18:32:16.229, 58329460227, vstest.console.dll, TestPluginCache.GetExtensionPaths: Added unfilterableExtensionPaths: 
TpTrace Verbose: 0 : 19804, 1, 2021/09/20, 18:32:16.229, 58329460761, vstest.console.dll, TestPluginCache.DiscoverTestExtensions: Discovering the extensions using allExtensionPaths: C:\Program Files\dotnet\sdk\6.0.100-preview.7.21379.14\Extensions\Microsoft.Diagnostics.NETCore.Client.dll
C:\Program Files\dotnet\sdk\6.0.100-preview.7.21379.14\Extensions\Microsoft.TestPlatform.Extensions.BlameDataCollector.dll
C:\Program Files\dotnet\sdk\6.0.100-preview.7.21379.14\Extensions\Microsoft.TestPlatform.Extensions.EventLogCollector.dll
C:\Program Files\dotnet\sdk\6.0.100-preview.7.21379.14\Extensions\Microsoft.TestPlatform.TestHostRuntimeProvider.dll
C:\Program Files\dotnet\sdk\6.0.100-preview.7.21379.14\Extensions\Microsoft.VisualStudio.TestPlatform.Extensions.Html.TestLogger.dll
C:\Program Files\dotnet\sdk\6.0.100-preview.7.21379.14\Extensions\Microsoft.VisualStudio.TestPlatform.Extensions.Trx.TestLogger.dll
TpTrace Information: 0 : 19804, 1, 2021/09/20, 18:32:16.229, 58329462545, vstest.console.dll, AssemblyResolver.AddSearchDirectories: Adding more searchDirectories C:\Program Files\dotnet\sdk\6.0.100-preview.7.21379.14\Extensions,C:\Program Files\dotnet\sdk\6.0.100-preview.7.21379.14
TpTrace Information: 0 : 19804, 1, 2021/09/20, 18:32:16.229, 58329463050, vstest.console.dll, AssemblyResolver.AddSearchDirectories: Adding more searchDirectories C:\Program Files\dotnet\sdk\6.0.100-preview.7.21379.14\Extensions,C:\Program Files\dotnet\sdk\6.0.100-preview.7.21379.14
TpTrace Information: 0 : 19804, 1, 2021/09/20, 18:32:16.229, 58329463361, vstest.console.dll, AssemblyResolver.AddSearchDirectories: Adding more searchDirectories C:\Program Files\dotnet\sdk\6.0.100-preview.7.21379.14\Extensions,C:\Program Files\dotnet\sdk\6.0.100-preview.7.21379.14
TpTrace Information: 0 : 19804, 1, 2021/09/20, 18:32:16.229, 58329463588, vstest.console.dll, AssemblyResolver.AddSearchDirectories: Adding more searchDirectories C:\Program Files\dotnet\sdk\6.0.100-preview.7.21379.14\Extensions,C:\Program Files\dotnet\sdk\6.0.100-preview.7.21379.14
TpTrace Information: 0 : 19804, 1, 2021/09/20, 18:32:16.229, 58329463785, vstest.console.dll, AssemblyResolver.AddSearchDirectories: Adding more searchDirectories C:\Program Files\dotnet\sdk\6.0.100-preview.7.21379.14\Extensions,C:\Program Files\dotnet\sdk\6.0.100-preview.7.21379.14
TpTrace Information: 0 : 19804, 1, 2021/09/20, 18:32:16.229, 58329463990, vstest.console.dll, AssemblyResolver.AddSearchDirectories: Adding more searchDirectories C:\Program Files\dotnet\sdk\6.0.100-preview.7.21379.14\Extensions,C:\Program Files\dotnet\sdk\6.0.100-preview.7.21379.14
TpTrace Information: 0 : 19804, 1, 2021/09/20, 18:32:16.230, 58329467489, vstest.console.dll, AssemblyResolver.OnResolve: Microsoft.Diagnostics.NETCore.Client: Resolving assembly.
TpTrace Information: 0 : 19804, 1, 2021/09/20, 18:32:16.230, 58329468033, vstest.console.dll, AssemblyResolver.OnResolve: Microsoft.Diagnostics.NETCore.Client: Searching in: 'C:\Program Files\dotnet\sdk\6.0.100-preview.7.21379.14\Extensions'.
TpTrace Information: 0 : 19804, 1, 2021/09/20, 18:32:16.231, 58329478341, vstest.console.dll, AssemblyResolver.OnResolve: Microsoft.Diagnostics.NETCore.Client: Loading assembly 'C:\Program Files\dotnet\sdk\6.0.100-preview.7.21379.14\Extensions\Microsoft.Diagnostics.NETCore.Client.dll'.
TpTrace Information: 0 : 19804, 1, 2021/09/20, 18:32:16.232, 58329488861, vstest.console.dll, AssemblyResolver.OnResolve: Resolved assembly: Microsoft.Diagnostics.NETCore.Client, from path: C:\Program Files\dotnet\sdk\6.0.100-preview.7.21379.14\Extensions\Microsoft.Diagnostics.NETCore.Client.dll
TpTrace Information: 0 : 19804, 1, 2021/09/20, 18:32:16.239, 58329563859, vstest.console.dll, AssemblyResolver.OnResolve: Microsoft.Bcl.AsyncInterfaces: Resolving assembly.
TpTrace Information: 0 : 19804, 1, 2021/09/20, 18:32:16.240, 58329565213, vstest.console.dll, AssemblyResolver.OnResolve: Microsoft.Bcl.AsyncInterfaces: Searching in: 'C:\Program Files\dotnet\sdk\6.0.100-preview.7.21379.14\Extensions'.
TpTrace Information: 0 : 19804, 1, 2021/09/20, 18:32:16.240, 58329566633, vstest.console.dll, AssemblyResolver.OnResolve: Microsoft.Bcl.AsyncInterfaces: Assembly path does not exist: 'C:\Program Files\dotnet\sdk\6.0.100-preview.7.21379.14\Extensions\Microsoft.Bcl.AsyncInterfaces.dll', returning.
TpTrace Information: 0 : 19804, 1, 2021/09/20, 18:32:16.240, 58329567424, vstest.console.dll, AssemblyResolver.OnResolve: Microsoft.Bcl.AsyncInterfaces: Assembly path does not exist: 'C:\Program Files\dotnet\sdk\6.0.100-preview.7.21379.14\Extensions\Microsoft.Bcl.AsyncInterfaces.exe', returning.
TpTrace Information: 0 : 19804, 1, 2021/09/20, 18:32:16.240, 58329568537, vstest.console.dll, AssemblyResolver.OnResolve: Microsoft.Bcl.AsyncInterfaces: Searching in: 'C:\Program Files\dotnet\sdk\6.0.100-preview.7.21379.14'.
TpTrace Information: 0 : 19804, 1, 2021/09/20, 18:32:16.240, 58329569387, vstest.console.dll, AssemblyResolver.OnResolve: Microsoft.Bcl.AsyncInterfaces: Assembly path does not exist: 'C:\Program Files\dotnet\sdk\6.0.100-preview.7.21379.14\Microsoft.Bcl.AsyncInterfaces.dll', returning.
TpTrace Information: 0 : 19804, 1, 2021/09/20, 18:32:16.240, 58329570142, vstest.console.dll, AssemblyResolver.OnResolve: Microsoft.Bcl.AsyncInterfaces: Assembly path does not exist: 'C:\Program Files\dotnet\sdk\6.0.100-preview.7.21379.14\Microsoft.Bcl.AsyncInterfaces.exe', returning.
TpTrace Information: 0 : 19804, 1, 2021/09/20, 18:32:16.240, 58329570437, vstest.console.dll, AssemblyResolver.OnResolve: Microsoft.Bcl.AsyncInterfaces: Failed to load assembly.
TpTrace Verbose: 0 : 19804, 1, 2021/09/20, 18:32:16.240, 58329570970, vstest.console.dll, CurrentDomainAssemblyResolve: Resolving assembly 'Microsoft.Bcl.AsyncInterfaces'.
TpTrace Information: 0 : 19804, 1, 2021/09/20, 18:32:16.240, 58329571626, vstest.console.dll, AssemblyResolver.OnResolve: Microsoft.Bcl.AsyncInterfaces: Resolving assembly.
TpTrace Information: 0 : 19804, 1, 2021/09/20, 18:32:16.240, 58329572092, vstest.console.dll, AssemblyResolver.OnResolve: Microsoft.Bcl.AsyncInterfaces: Resolved from cache.
TpTrace Verbose: 0 : 19804, 1, 2021/09/20, 18:32:16.240, 58329572388, vstest.console.dll, CurrentDomainAssemblyResolve: Resolving assembly 'Microsoft.Bcl.AsyncInterfaces'.
TpTrace Verbose: 0 : 19804, 1, 2021/09/20, 18:32:16.240, 58329572874, vstest.console.dll, CurrentDomainAssemblyResolve: Failed to resolve assembly 'Microsoft.Bcl.AsyncInterfaces'.
TpTrace Verbose: 0 : 19804, 1, 2021/09/20, 18:32:16.241, 58329577090, vstest.console.dll, CurrentDomainAssemblyResolve: Failed to resolve assembly 'Microsoft.Bcl.AsyncInterfaces'.
TpTrace Warning: 0 : 19804, 1, 2021/09/20, 18:32:16.257, 58329742088, vstest.console.dll, TestPluginDiscoverer: Failed to get types from assembly 'Microsoft.Diagnostics.NETCore.Client, Version=0.2.4.21401, Culture=neutral, PublicKeyToken=31bf3856ad364e35'.  Skipping test extension scan for this assembly.  Error: System.Reflection.ReflectionTypeLoadException: Unable to load one or more of the requested types.
Could not load file or assembly 'Microsoft.Bcl.AsyncInterfaces, Version=1.0.0.0, Culture=neutral, PublicKeyToken=cc7b13ffcd2ddd51'. The system cannot find the file specified.
   at System.Reflection.RuntimeModule.GetTypes(RuntimeModule module)
   at System.Reflection.Assembly.GetTypes() in System.Private.CoreLib.dll:token 0x600514d+0x0
   at Microsoft.VisualStudio.TestPlatform.Common.ExtensionFramework.TestPluginDiscoverer.GetTestExtensionsFromAssembly[TPluginInfo,TExtension](Assembly assembly, Dictionary`2 pluginInfos) in Microsoft.VisualStudio.TestPlatform.Common.dll:token 0x60001af+0x1a
System.IO.FileNotFoundException: Could not load file or assembly 'Microsoft.Bcl.AsyncInterfaces, Version=1.0.0.0, Culture=neutral, PublicKeyToken=cc7b13ffcd2ddd51'. The system cannot find the file specified.
File name: 'Microsoft.Bcl.AsyncInterfaces, Version=1.0.0.0, Culture=neutral, PublicKeyToken=cc7b13ffcd2ddd51'
 ---> System.IO.FileNotFoundException: Could not load file or assembly 'Microsoft.Bcl.AsyncInterfaces, Culture=neutral, PublicKeyToken=null'. The system cannot find the file specified.
File name: 'Microsoft.Bcl.AsyncInterfaces, Culture=neutral, PublicKeyToken=null'
   at System.Reflection.RuntimeAssembly.InternalLoad(ObjectHandleOnStack assemblyName, ObjectHandleOnStack requestingAssembly, StackCrawlMarkHandle stackMark, Boolean throwOnFileNotFound, ObjectHandleOnStack assemblyLoadContext, ObjectHandleOnStack retAssembly) in System.Private.CoreLib.dll:token 0x600534c+0x8
   at System.Reflection.RuntimeAssembly.InternalLoad(AssemblyName assemblyName, RuntimeAssembly requestingAssembly, StackCrawlMark& stackMark, Boolean throwOnFileNotFound, AssemblyLoadContext assemblyLoadContext) in System.Private.CoreLib.dll:token 0x600534b+0x16
   at System.Reflection.Assembly.Load(AssemblyName assemblyRef) in System.Private.CoreLib.dll:token 0x6005142+0xe
   at Microsoft.VisualStudio.TestPlatform.Common.ExtensionFramework.TestPluginCache.CurrentDomainAssemblyResolve(Object sender, AssemblyResolveEventArgs args) in Microsoft.VisualStudio.TestPlatform.Common.dll:token 0x60001a9+0x64
   at Microsoft.VisualStudio.TestPlatform.PlatformAbstractions.PlatformAssemblyResolver.AssemblyResolverEvent(Object sender, Object eventArgs) in Microsoft.TestPlatform.PlatformAbstractions.dll:token 0x600004a+0x1c
   at System.Runtime.Loader.AssemblyLoadContext.GetFirstResolvedAssemblyFromResolvingEvent(AssemblyName assemblyName) in System.Private.CoreLib.dll:token 0x6003b3f+0x24
   at System.Runtime.Loader.AssemblyLoadContext.ResolveUsingEvent(AssemblyName assemblyName) in System.Private.CoreLib.dll:token 0x6003b42+0x7
   at System.Runtime.Loader.AssemblyLoadContext.ResolveUsingResolvingEvent(IntPtr gchManagedAssemblyLoadContext, AssemblyName assemblyName) in System.Private.CoreLib.dll:token 0x6003b03+0x7
TpTrace Warning: 0 : 19804, 1, 2021/09/20, 18:32:16.257, 58329744392, vstest.console.dll, LoaderExceptions: System.IO.FileNotFoundException: Could not load file or assembly 'Microsoft.Bcl.AsyncInterfaces, Version=1.0.0.0, Culture=neutral, PublicKeyToken=cc7b13ffcd2ddd51'. The system cannot find the file specified.
File name: 'Microsoft.Bcl.AsyncInterfaces, Version=1.0.0.0, Culture=neutral, PublicKeyToken=cc7b13ffcd2ddd51'
 ---> System.IO.FileNotFoundException: Could not load file or assembly 'Microsoft.Bcl.AsyncInterfaces, Culture=neutral, PublicKeyToken=null'. The system cannot find the file specified.
File name: 'Microsoft.Bcl.AsyncInterfaces, Culture=neutral, PublicKeyToken=null'
   at System.Reflection.RuntimeAssembly.InternalLoad(ObjectHandleOnStack assemblyName, ObjectHandleOnStack requestingAssembly, StackCrawlMarkHandle stackMark, Boolean throwOnFileNotFound, ObjectHandleOnStack assemblyLoadContext, ObjectHandleOnStack retAssembly) in System.Private.CoreLib.dll:token 0x600534c+0x8
   at System.Reflection.RuntimeAssembly.InternalLoad(AssemblyName assemblyName, RuntimeAssembly requestingAssembly, StackCrawlMark& stackMark, Boolean throwOnFileNotFound, AssemblyLoadContext assemblyLoadContext) in System.Private.CoreLib.dll:token 0x600534b+0x16
   at System.Reflection.Assembly.Load(AssemblyName assemblyRef) in System.Private.CoreLib.dll:token 0x6005142+0xe
   at Microsoft.VisualStudio.TestPlatform.Common.ExtensionFramework.TestPluginCache.CurrentDomainAssemblyResolve(Object sender, AssemblyResolveEventArgs args) in Microsoft.VisualStudio.TestPlatform.Common.dll:token 0x60001a9+0x64
   at Microsoft.VisualStudio.TestPlatform.PlatformAbstractions.PlatformAssemblyResolver.AssemblyResolverEvent(Object sender, Object eventArgs) in Microsoft.TestPlatform.PlatformAbstractions.dll:token 0x600004a+0x1c
   at System.Runtime.Loader.AssemblyLoadContext.GetFirstResolvedAssemblyFromResolvingEvent(AssemblyName assemblyName) in System.Private.CoreLib.dll:token 0x6003b3f+0x24
   at System.Runtime.Loader.AssemblyLoadContext.ResolveUsingEvent(AssemblyName assemblyName) in System.Private.CoreLib.dll:token 0x6003b42+0x7
   at System.Runtime.Loader.AssemblyLoadContext.ResolveUsingResolvingEvent(IntPtr gchManagedAssemblyLoadContext, AssemblyName assemblyName) in System.Private.CoreLib.dll:token 0x6003b03+0x7
TpTrace Information: 0 : 19804, 1, 2021/09/20, 18:32:16.258, 58329745566, vstest.console.dll, AssemblyResolver.OnResolve: Microsoft.TestPlatform.Extensions.BlameDataCollector: Resolving assembly.
TpTrace Information: 0 : 19804, 1, 2021/09/20, 18:32:16.258, 58329745986, vstest.console.dll, AssemblyResolver.OnResolve: Microsoft.TestPlatform.Extensions.BlameDataCollector: Searching in: 'C:\Program Files\dotnet\sdk\6.0.100-preview.7.21379.14\Extensions'.
TpTrace Information: 0 : 19804, 1, 2021/09/20, 18:32:16.258, 58329752620, vstest.console.dll, AssemblyResolver.OnResolve: Microsoft.TestPlatform.Extensions.BlameDataCollector: Loading assembly 'C:\Program Files\dotnet\sdk\6.0.100-preview.7.21379.14\Extensions\Microsoft.TestPlatform.Extensions.BlameDataCollector.dll'.
TpTrace Information: 0 : 19804, 1, 2021/09/20, 18:32:16.259, 58329760283, vstest.console.dll, AssemblyResolver.OnResolve: Resolved assembly: Microsoft.TestPlatform.Extensions.BlameDataCollector, from path: C:\Program Files\dotnet\sdk\6.0.100-preview.7.21379.14\Extensions\Microsoft.TestPlatform.Extensions.BlameDataCollector.dll
TpTrace Information: 0 : 19804, 1, 2021/09/20, 18:32:16.260, 58329767680, vstest.console.dll, AssemblyResolver.OnResolve: Microsoft.TestPlatform.Extensions.EventLogCollector: Resolving assembly.
TpTrace Information: 0 : 19804, 1, 2021/09/20, 18:32:16.260, 58329768386, vstest.console.dll, AssemblyResolver.OnResolve: Microsoft.TestPlatform.Extensions.EventLogCollector: Searching in: 'C:\Program Files\dotnet\sdk\6.0.100-preview.7.21379.14\Extensions'.
TpTrace Information: 0 : 19804, 1, 2021/09/20, 18:32:16.260, 58329773719, vstest.console.dll, AssemblyResolver.OnResolve: Microsoft.TestPlatform.Extensions.EventLogCollector: Loading assembly 'C:\Program Files\dotnet\sdk\6.0.100-preview.7.21379.14\Extensions\Microsoft.TestPlatform.Extensions.EventLogCollector.dll'.
TpTrace Information: 0 : 19804, 1, 2021/09/20, 18:32:16.261, 58329779425, vstest.console.dll, AssemblyResolver.OnResolve: Resolved assembly: Microsoft.TestPlatform.Extensions.EventLogCollector, from path: C:\Program Files\dotnet\sdk\6.0.100-preview.7.21379.14\Extensions\Microsoft.TestPlatform.Extensions.EventLogCollector.dll
TpTrace Information: 0 : 19804, 1, 2021/09/20, 18:32:16.263, 58329802619, vstest.console.dll, AssemblyResolver.OnResolve: Microsoft.TestPlatform.TestHostRuntimeProvider: Resolving assembly.
TpTrace Information: 0 : 19804, 1, 2021/09/20, 18:32:16.263, 58329803429, vstest.console.dll, AssemblyResolver.OnResolve: Microsoft.TestPlatform.TestHostRuntimeProvider: Searching in: 'C:\Program Files\dotnet\sdk\6.0.100-preview.7.21379.14\Extensions'.
TpTrace Information: 0 : 19804, 1, 2021/09/20, 18:32:16.264, 58329808117, vstest.console.dll, AssemblyResolver.OnResolve: Microsoft.TestPlatform.TestHostRuntimeProvider: Loading assembly 'C:\Program Files\dotnet\sdk\6.0.100-preview.7.21379.14\Extensions\Microsoft.TestPlatform.TestHostRuntimeProvider.dll'.
TpTrace Information: 0 : 19804, 1, 2021/09/20, 18:32:16.264, 58329814476, vstest.console.dll, AssemblyResolver.OnResolve: Resolved assembly: Microsoft.TestPlatform.TestHostRuntimeProvider, from path: C:\Program Files\dotnet\sdk\6.0.100-preview.7.21379.14\Extensions\Microsoft.TestPlatform.TestHostRuntimeProvider.dll
TpTrace Information: 0 : 19804, 1, 2021/09/20, 18:32:16.266, 58329827301, vstest.console.dll, AssemblyResolver.OnResolve: Microsoft.VisualStudio.TestPlatform.Extensions.Html.TestLogger: Resolving assembly.
TpTrace Information: 0 : 19804, 1, 2021/09/20, 18:32:16.266, 58329828046, vstest.console.dll, AssemblyResolver.OnResolve: Microsoft.VisualStudio.TestPlatform.Extensions.Html.TestLogger: Searching in: 'C:\Program Files\dotnet\sdk\6.0.100-preview.7.21379.14\Extensions'.
TpTrace Information: 0 : 19804, 1, 2021/09/20, 18:32:16.266, 58329833160, vstest.console.dll, AssemblyResolver.OnResolve: Microsoft.VisualStudio.TestPlatform.Extensions.Html.TestLogger: Loading assembly 'C:\Program Files\dotnet\sdk\6.0.100-preview.7.21379.14\Extensions\Microsoft.VisualStudio.TestPlatform.Extensions.Html.TestLogger.dll'.
TpTrace Information: 0 : 19804, 1, 2021/09/20, 18:32:16.267, 58329840211, vstest.console.dll, AssemblyResolver.OnResolve: Resolved assembly: Microsoft.VisualStudio.TestPlatform.Extensions.Html.TestLogger, from path: C:\Program Files\dotnet\sdk\6.0.100-preview.7.21379.14\Extensions\Microsoft.VisualStudio.TestPlatform.Extensions.Html.TestLogger.dll
TpTrace Information: 0 : 19804, 1, 2021/09/20, 18:32:16.267, 58329844125, vstest.console.dll, AssemblyResolver.OnResolve: Microsoft.VisualStudio.TestPlatform.Extensions.Trx.TestLogger: Resolving assembly.
TpTrace Information: 0 : 19804, 1, 2021/09/20, 18:32:16.267, 58329844906, vstest.console.dll, AssemblyResolver.OnResolve: Microsoft.VisualStudio.TestPlatform.Extensions.Trx.TestLogger: Searching in: 'C:\Program Files\dotnet\sdk\6.0.100-preview.7.21379.14\Extensions'.
TpTrace Information: 0 : 19804, 1, 2021/09/20, 18:32:16.268, 58329850435, vstest.console.dll, AssemblyResolver.OnResolve: Microsoft.VisualStudio.TestPlatform.Extensions.Trx.TestLogger: Loading assembly 'C:\Program Files\dotnet\sdk\6.0.100-preview.7.21379.14\Extensions\Microsoft.VisualStudio.TestPlatform.Extensions.Trx.TestLogger.dll'.
TpTrace Information: 0 : 19804, 1, 2021/09/20, 18:32:16.269, 58329857287, vstest.console.dll, AssemblyResolver.OnResolve: Resolved assembly: Microsoft.VisualStudio.TestPlatform.Extensions.Trx.TestLogger, from path: C:\Program Files\dotnet\sdk\6.0.100-preview.7.21379.14\Extensions\Microsoft.VisualStudio.TestPlatform.Extensions.Trx.TestLogger.dll
TpTrace Verbose: 0 : 19804, 1, 2021/09/20, 18:32:16.269, 58329864675, vstest.console.dll, TestPluginCache: Discovered the extensions using extension path ''.
TpTrace Verbose: 0 : 19804, 1, 2021/09/20, 18:32:16.270, 58329865716, vstest.console.dll, TestPluginCache: Discoverers are ''.
TpTrace Verbose: 0 : 19804, 1, 2021/09/20, 18:32:16.270, 58329866181, vstest.console.dll, TestPluginCache: Executors are ''.
TpTrace Verbose: 0 : 19804, 1, 2021/09/20, 18:32:16.270, 58329866551, vstest.console.dll, TestPluginCache: Executors2 are ''.
TpTrace Verbose: 0 : 19804, 1, 2021/09/20, 18:32:16.270, 58329867044, vstest.console.dll, TestPluginCache: Setting providers are ''.
TpTrace Verbose: 0 : 19804, 1, 2021/09/20, 18:32:16.270, 58329867583, vstest.console.dll, TestPluginCache: Loggers are ''.
TpTrace Information: 0 : 19804, 1, 2021/09/20, 18:32:16.275, 58329923397, vstest.console.dll, RunTestsArgumentProcessor:Execute: Test run is starting.
TpTrace Verbose: 0 : 19804, 1, 2021/09/20, 18:32:16.275, 58329924308, vstest.console.dll, RunTestsArgumentProcessor:Execute: Queuing Test run.
TpTrace Information: 0 : 19804, 1, 2021/09/20, 18:32:16.276, 58329926232, vstest.console.dll, TestRequestManager.RunTests: run tests started.
TpTrace Information: 0 : 19804, 1, 2021/09/20, 18:32:16.279, 58329964362, vstest.console.dll, AssemblyMetadataProvider.GetFrameWork: Determined framework:'.NETCoreApp,Version=v5.0' for source: 'C:\Users\hp\Desktop\MyProjects\Expense-Management-System-Api\ExpenseManagementSystem\ExpenseManagementSystem.Test\bin\Debug\net5.0\fine-code-coverage\build-output\ExpenseManagementSystem.Test.dll'
TpTrace Information: 0 : 19804, 1, 2021/09/20, 18:32:16.280, 58329965893, vstest.console.dll, Determined framework for all sources: .NETCoreApp,Version=v5.0
TpTrace Information: 0 : 19804, 1, 2021/09/20, 18:32:16.280, 58329969330, vstest.console.dll, AssemblyMetadataProvider.GetArchitecture: Determined architecture:AnyCPU info for assembly: C:\Users\hp\Desktop\MyProjects\Expense-Management-System-Api\ExpenseManagementSystem\ExpenseManagementSystem.Test\bin\Debug\net5.0\fine-code-coverage\build-output\ExpenseManagementSystem.Test.dll
TpTrace Information: 0 : 19804, 1, 2021/09/20, 18:32:16.282, 58329990364, vstest.console.dll, Determined platform for all sources: X64
TpTrace Information: 0 : 19804, 1, 2021/09/20, 18:32:16.285, 58330017435, vstest.console.dll, Compatible sources list : 
TpTrace Information: 0 : 19804, 1, 2021/09/20, 18:32:16.285, 58330018551, vstest.console.dll, C:\Users\hp\Desktop\MyProjects\Expense-Management-System-Api\ExpenseManagementSystem\ExpenseManagementSystem.Test\bin\Debug\net5.0\fine-code-coverage\build-output\ExpenseManagementSystem.Test.dll
TpTrace Information: 0 : 19804, 1, 2021/09/20, 18:32:16.288, 58330051804, vstest.console.dll, InferRunSettingsHelper.IsTestSettingsEnabled: Unable to navigate to RunSettings/MSTest. Current node: RunSettings
TpTrace Information: 0 : 19804, 1, 2021/09/20, 18:32:16.289, 58330061292, vstest.console.dll, AssemblyResolver.OnResolve: Microsoft.VisualStudio.TestPlatform.Fakes: Resolving assembly.
TpTrace Information: 0 : 19804, 1, 2021/09/20, 18:32:16.289, 58330062256, vstest.console.dll, AssemblyResolver.OnResolve: Microsoft.VisualStudio.TestPlatform.Fakes: Searching in: 'C:\Program Files\dotnet\sdk\6.0.100-preview.7.21379.14\Extensions'.
TpTrace Information: 0 : 19804, 1, 2021/09/20, 18:32:16.289, 58330063828, vstest.console.dll, AssemblyResolver.OnResolve: Microsoft.VisualStudio.TestPlatform.Fakes: Assembly path does not exist: 'C:\Program Files\dotnet\sdk\6.0.100-preview.7.21379.14\Extensions\Microsoft.VisualStudio.TestPlatform.Fakes.dll', returning.
TpTrace Information: 0 : 19804, 1, 2021/09/20, 18:32:16.289, 58330065015, vstest.console.dll, AssemblyResolver.OnResolve: Microsoft.VisualStudio.TestPlatform.Fakes: Assembly path does not exist: 'C:\Program Files\dotnet\sdk\6.0.100-preview.7.21379.14\Extensions\Microsoft.VisualStudio.TestPlatform.Fakes.exe', returning.
TpTrace Information: 0 : 19804, 1, 2021/09/20, 18:32:16.290, 58330065532, vstest.console.dll, AssemblyResolver.OnResolve: Microsoft.VisualStudio.TestPlatform.Fakes: Searching in: 'C:\Program Files\dotnet\sdk\6.0.100-preview.7.21379.14'.
TpTrace Information: 0 : 19804, 1, 2021/09/20, 18:32:16.290, 58330066274, vstest.console.dll, AssemblyResolver.OnResolve: Microsoft.VisualStudio.TestPlatform.Fakes: Assembly path does not exist: 'C:\Program Files\dotnet\sdk\6.0.100-preview.7.21379.14\Microsoft.VisualStudio.TestPlatform.Fakes.dll', returning.
TpTrace Information: 0 : 19804, 1, 2021/09/20, 18:32:16.290, 58330067065, vstest.console.dll, AssemblyResolver.OnResolve: Microsoft.VisualStudio.TestPlatform.Fakes: Assembly path does not exist: 'C:\Program Files\dotnet\sdk\6.0.100-preview.7.21379.14\Microsoft.VisualStudio.TestPlatform.Fakes.exe', returning.
TpTrace Information: 0 : 19804, 1, 2021/09/20, 18:32:16.290, 58330067377, vstest.console.dll, AssemblyResolver.OnResolve: Microsoft.VisualStudio.TestPlatform.Fakes: Failed to load assembly.
TpTrace Information: 0 : 19804, 1, 2021/09/20, 18:32:16.290, 58330070488, vstest.console.dll, Failed to load assembly Microsoft.VisualStudio.TestPlatform.Fakes, Version=17.0.0.0, Culture=neutral. Reason:System.IO.FileNotFoundException: Could not load file or assembly 'Microsoft.VisualStudio.TestPlatform.Fakes, Version=17.0.0.0, Culture=neutral, PublicKeyToken=null'. The system cannot find the file specified.
File name: 'Microsoft.VisualStudio.TestPlatform.Fakes, Version=17.0.0.0, Culture=neutral, PublicKeyToken=null'
   at System.Reflection.RuntimeAssembly.InternalLoad(ObjectHandleOnStack assemblyName, ObjectHandleOnStack requestingAssembly, StackCrawlMarkHandle stackMark, Boolean throwOnFileNotFound, ObjectHandleOnStack assemblyLoadContext, ObjectHandleOnStack retAssembly) in System.Private.CoreLib.dll:token 0x600534c+0x8
   at System.Reflection.RuntimeAssembly.InternalLoad(AssemblyName assemblyName, RuntimeAssembly requestingAssembly, StackCrawlMark& stackMark, Boolean throwOnFileNotFound, AssemblyLoadContext assemblyLoadContext) in System.Private.CoreLib.dll:token 0x600534b+0x16
   at System.Reflection.Assembly.Load(AssemblyName assemblyRef) in System.Private.CoreLib.dll:token 0x6005142+0xe
   at Microsoft.VisualStudio.TestPlatform.Common.Utilities.FakesUtilities.LoadTestPlatformAssembly() in Microsoft.VisualStudio.TestPlatform.Common.dll:token 0x600007c+0xa
TpTrace Verbose: 0 : 19804, 1, 2021/09/20, 18:32:16.294, 58330110704, vstest.console.dll, TestPluginCache.DiscoverTestExtensions: finding test extensions in assemblies ends with: TestLogger.dll TPluginInfo: Microsoft.VisualStudio.TestPlatform.Common.ExtensionFramework.Utilities.TestLoggerPluginInformation TExtension: Microsoft.VisualStudio.TestPlatform.ObjectModel.Client.ITestLogger
TpTrace Verbose: 0 : 19804, 1, 2021/09/20, 18:32:16.294, 58330111784, vstest.console.dll, TestPluginCache.GetExtensionPaths: Filtered extension paths: 
TpTrace Verbose: 0 : 19804, 1, 2021/09/20, 18:32:16.294, 58330112165, vstest.console.dll, TestPluginCache.GetExtensionPaths: Added default extension paths: C:\Program Files\dotnet\sdk\6.0.100-preview.7.21379.14\Extensions\Microsoft.Diagnostics.NETCore.Client.dll
C:\Program Files\dotnet\sdk\6.0.100-preview.7.21379.14\Extensions\Microsoft.TestPlatform.Extensions.BlameDataCollector.dll
C:\Program Files\dotnet\sdk\6.0.100-preview.7.21379.14\Extensions\Microsoft.TestPlatform.Extensions.EventLogCollector.dll
C:\Program Files\dotnet\sdk\6.0.100-preview.7.21379.14\Extensions\Microsoft.TestPlatform.TestHostRuntimeProvider.dll
C:\Program Files\dotnet\sdk\6.0.100-preview.7.21379.14\Extensions\Microsoft.VisualStudio.TestPlatform.Extensions.Html.TestLogger.dll
C:\Program Files\dotnet\sdk\6.0.100-preview.7.21379.14\Extensions\Microsoft.VisualStudio.TestPlatform.Extensions.Trx.TestLogger.dll
TpTrace Verbose: 0 : 19804, 1, 2021/09/20, 18:32:16.294, 58330112521, vstest.console.dll, TestPluginCache.GetExtensionPaths: Added unfilterableExtensionPaths: 
TpTrace Information: 0 : 19804, 1, 2021/09/20, 18:32:16.295, 58330115996, vstest.console.dll, AssemblyResolver.AddSearchDirectories: Adding more searchDirectories C:\Program Files\dotnet\sdk\6.0.100-preview.7.21379.14\Extensions,C:\Program Files\dotnet\sdk\6.0.100-preview.7.21379.14
TpTrace Verbose: 0 : 19804, 1, 2021/09/20, 18:32:16.295, 58330116523, vstest.console.dll, TestPluginCache.DiscoverTestExtensions: Discovering the extensions using extension path.
TpTrace Verbose: 0 : 19804, 1, 2021/09/20, 18:32:16.295, 58330116942, vstest.console.dll, TestPluginCache.GetExtensionPaths: Filtered extension paths: 
TpTrace Verbose: 0 : 19804, 1, 2021/09/20, 18:32:16.295, 58330117184, vstest.console.dll, TestPluginCache.GetExtensionPaths: Added default extension paths: C:\Program Files\dotnet\sdk\6.0.100-preview.7.21379.14\Extensions\Microsoft.Diagnostics.NETCore.Client.dll
C:\Program Files\dotnet\sdk\6.0.100-preview.7.21379.14\Extensions\Microsoft.TestPlatform.Extensions.BlameDataCollector.dll
C:\Program Files\dotnet\sdk\6.0.100-preview.7.21379.14\Extensions\Microsoft.TestPlatform.Extensions.EventLogCollector.dll
C:\Program Files\dotnet\sdk\6.0.100-preview.7.21379.14\Extensions\Microsoft.TestPlatform.TestHostRuntimeProvider.dll
C:\Program Files\dotnet\sdk\6.0.100-preview.7.21379.14\Extensions\Microsoft.VisualStudio.TestPlatform.Extensions.Html.TestLogger.dll
C:\Program Files\dotnet\sdk\6.0.100-preview.7.21379.14\Extensions\Microsoft.VisualStudio.TestPlatform.Extensions.Trx.TestLogger.dll
TpTrace Verbose: 0 : 19804, 1, 2021/09/20, 18:32:16.295, 58330117494, vstest.console.dll, TestPluginCache.GetExtensionPaths: Added unfilterableExtensionPaths: 
TpTrace Verbose: 0 : 19804, 1, 2021/09/20, 18:32:16.295, 58330117738, vstest.console.dll, TestPluginCache.DiscoverTestExtensions: Discovering the extensions using allExtensionPaths: C:\Program Files\dotnet\sdk\6.0.100-preview.7.21379.14\Extensions\Microsoft.Diagnostics.NETCore.Client.dll
C:\Program Files\dotnet\sdk\6.0.100-preview.7.21379.14\Extensions\Microsoft.TestPlatform.Extensions.BlameDataCollector.dll
C:\Program Files\dotnet\sdk\6.0.100-preview.7.21379.14\Extensions\Microsoft.TestPlatform.Extensions.EventLogCollector.dll
C:\Program Files\dotnet\sdk\6.0.100-preview.7.21379.14\Extensions\Microsoft.TestPlatform.TestHostRuntimeProvider.dll
C:\Program Files\dotnet\sdk\6.0.100-preview.7.21379.14\Extensions\Microsoft.VisualStudio.TestPlatform.Extensions.Html.TestLogger.dll
C:\Program Files\dotnet\sdk\6.0.100-preview.7.21379.14\Extensions\Microsoft.VisualStudio.TestPlatform.Extensions.Trx.TestLogger.dll
TpTrace Information: 0 : 19804, 1, 2021/09/20, 18:32:16.295, 58330118436, vstest.console.dll, AssemblyResolver.AddSearchDirectories: Adding more searchDirectories C:\Program Files\dotnet\sdk\6.0.100-preview.7.21379.14\Extensions,C:\Program Files\dotnet\sdk\6.0.100-preview.7.21379.14
TpTrace Information: 0 : 19804, 1, 2021/09/20, 18:32:16.295, 58330118768, vstest.console.dll, AssemblyResolver.AddSearchDirectories: Adding more searchDirectories C:\Program Files\dotnet\sdk\6.0.100-preview.7.21379.14\Extensions,C:\Program Files\dotnet\sdk\6.0.100-preview.7.21379.14
TpTrace Information: 0 : 19804, 1, 2021/09/20, 18:32:16.295, 58330119674, vstest.console.dll, AssemblyResolver.AddSearchDirectories: Adding more searchDirectories C:\Program Files\dotnet\sdk\6.0.100-preview.7.21379.14\Extensions,C:\Program Files\dotnet\sdk\6.0.100-preview.7.21379.14
TpTrace Information: 0 : 19804, 1, 2021/09/20, 18:32:16.295, 58330120012, vstest.console.dll, AssemblyResolver.AddSearchDirectories: Adding more searchDirectories C:\Program Files\dotnet\sdk\6.0.100-preview.7.21379.14\Extensions,C:\Program Files\dotnet\sdk\6.0.100-preview.7.21379.14
TpTrace Information: 0 : 19804, 1, 2021/09/20, 18:32:16.295, 58330120248, vstest.console.dll, AssemblyResolver.AddSearchDirectories: Adding more searchDirectories C:\Program Files\dotnet\sdk\6.0.100-preview.7.21379.14\Extensions,C:\Program Files\dotnet\sdk\6.0.100-preview.7.21379.14
TpTrace Information: 0 : 19804, 1, 2021/09/20, 18:32:16.295, 58330120506, vstest.console.dll, AssemblyResolver.AddSearchDirectories: Adding more searchDirectories C:\Program Files\dotnet\sdk\6.0.100-preview.7.21379.14\Extensions,C:\Program Files\dotnet\sdk\6.0.100-preview.7.21379.14
TpTrace Information: 0 : 19804, 1, 2021/09/20, 18:32:16.295, 58330122883, vstest.console.dll, AssemblyResolver.OnResolve: Microsoft.Bcl.AsyncInterfaces: Resolving assembly.
TpTrace Information: 0 : 19804, 1, 2021/09/20, 18:32:16.295, 58330123282, vstest.console.dll, AssemblyResolver.OnResolve: Microsoft.Bcl.AsyncInterfaces: Resolved from cache.
TpTrace Verbose: 0 : 19804, 1, 2021/09/20, 18:32:16.295, 58330123589, vstest.console.dll, CurrentDomainAssemblyResolve: Resolving assembly 'Microsoft.Bcl.AsyncInterfaces'.
TpTrace Information: 0 : 19804, 1, 2021/09/20, 18:32:16.295, 58330123975, vstest.console.dll, AssemblyResolver.OnResolve: Microsoft.Bcl.AsyncInterfaces: Resolving assembly.
TpTrace Information: 0 : 19804, 1, 2021/09/20, 18:32:16.295, 58330124191, vstest.console.dll, AssemblyResolver.OnResolve: Microsoft.Bcl.AsyncInterfaces: Resolved from cache.
TpTrace Verbose: 0 : 19804, 1, 2021/09/20, 18:32:16.295, 58330124409, vstest.console.dll, CurrentDomainAssemblyResolve: Resolving assembly 'Microsoft.Bcl.AsyncInterfaces'.
TpTrace Verbose: 0 : 19804, 1, 2021/09/20, 18:32:16.295, 58330124622, vstest.console.dll, CurrentDomainAssemblyResolve: Failed to resolve assembly 'Microsoft.Bcl.AsyncInterfaces'.
TpTrace Verbose: 0 : 19804, 1, 2021/09/20, 18:32:16.296, 58330126248, vstest.console.dll, CurrentDomainAssemblyResolve: Failed to resolve assembly 'Microsoft.Bcl.AsyncInterfaces'.
TpTrace Warning: 0 : 19804, 1, 2021/09/20, 18:32:16.296, 58330129703, vstest.console.dll, TestPluginDiscoverer: Failed to get types from assembly 'Microsoft.Diagnostics.NETCore.Client, Version=0.2.4.21401, Culture=neutral, PublicKeyToken=31bf3856ad364e35'.  Skipping test extension scan for this assembly.  Error: System.Reflection.ReflectionTypeLoadException: Unable to load one or more of the requested types.
Could not load file or assembly 'Microsoft.Bcl.AsyncInterfaces, Version=1.0.0.0, Culture=neutral, PublicKeyToken=cc7b13ffcd2ddd51'. The system cannot find the file specified.
   at System.Reflection.RuntimeModule.GetTypes(RuntimeModule module)
   at System.Reflection.Assembly.GetTypes() in System.Private.CoreLib.dll:token 0x600514d+0x0
   at Microsoft.VisualStudio.TestPlatform.Common.ExtensionFramework.TestPluginDiscoverer.GetTestExtensionsFromAssembly[TPluginInfo,TExtension](Assembly assembly, Dictionary`2 pluginInfos) in Microsoft.VisualStudio.TestPlatform.Common.dll:token 0x60001af+0x1a
System.IO.FileNotFoundException: Could not load file or assembly 'Microsoft.Bcl.AsyncInterfaces, Version=1.0.0.0, Culture=neutral, PublicKeyToken=cc7b13ffcd2ddd51'. The system cannot find the file specified.
File name: 'Microsoft.Bcl.AsyncInterfaces, Version=1.0.0.0, Culture=neutral, PublicKeyToken=cc7b13ffcd2ddd51'
 ---> System.IO.FileNotFoundException: Could not load file or assembly 'Microsoft.Bcl.AsyncInterfaces, Culture=neutral, PublicKeyToken=null'. The system cannot find the file specified.
File name: 'Microsoft.Bcl.AsyncInterfaces, Culture=neutral, PublicKeyToken=null'
   at System.Reflection.RuntimeAssembly.InternalLoad(ObjectHandleOnStack assemblyName, ObjectHandleOnStack requestingAssembly, StackCrawlMarkHandle stackMark, Boolean throwOnFileNotFound, ObjectHandleOnStack assemblyLoadContext, ObjectHandleOnStack retAssembly) in System.Private.CoreLib.dll:token 0x600534c+0x8
   at System.Reflection.RuntimeAssembly.InternalLoad(AssemblyName assemblyName, RuntimeAssembly requestingAssembly, StackCrawlMark& stackMark, Boolean throwOnFileNotFound, AssemblyLoadContext assemblyLoadContext) in System.Private.CoreLib.dll:token 0x600534b+0x16
   at System.Reflection.Assembly.Load(AssemblyName assemblyRef) in System.Private.CoreLib.dll:token 0x6005142+0xe
   at Microsoft.VisualStudio.TestPlatform.Common.ExtensionFramework.TestPluginCache.CurrentDomainAssemblyResolve(Object sender, AssemblyResolveEventArgs args) in Microsoft.VisualStudio.TestPlatform.Common.dll:token 0x60001a9+0x64
   at Microsoft.VisualStudio.TestPlatform.PlatformAbstractions.PlatformAssemblyResolver.AssemblyResolverEvent(Object sender, Object eventArgs) in Microsoft.TestPlatform.PlatformAbstractions.dll:token 0x600004a+0x1c
   at System.Runtime.Loader.AssemblyLoadContext.GetFirstResolvedAssemblyFromResolvingEvent(AssemblyName assemblyName) in System.Private.CoreLib.dll:token 0x6003b3f+0x24
   at System.Runtime.Loader.AssemblyLoadContext.ResolveUsingEvent(AssemblyName assemblyName) in System.Private.CoreLib.dll:token 0x6003b42+0x7
   at System.Runtime.Loader.AssemblyLoadContext.ResolveUsingResolvingEvent(IntPtr gchManagedAssemblyLoadContext, AssemblyName assemblyName) in System.Private.CoreLib.dll:token 0x6003b03+0x7
TpTrace Warning: 0 : 19804, 1, 2021/09/20, 18:32:16.296, 58330131119, vstest.console.dll, LoaderExceptions: System.IO.FileNotFoundException: Could not load file or assembly 'Microsoft.Bcl.AsyncInterfaces, Version=1.0.0.0, Culture=neutral, PublicKeyToken=cc7b13ffcd2ddd51'. The system cannot find the file specified.
File name: 'Microsoft.Bcl.AsyncInterfaces, Version=1.0.0.0, Culture=neutral, PublicKeyToken=cc7b13ffcd2ddd51'
 ---> System.IO.FileNotFoundException: Could not load file or assembly 'Microsoft.Bcl.AsyncInterfaces, Culture=neutral, PublicKeyToken=null'. The system cannot find the file specified.
File name: 'Microsoft.Bcl.AsyncInterfaces, Culture=neutral, PublicKeyToken=null'
   at System.Reflection.RuntimeAssembly.InternalLoad(ObjectHandleOnStack assemblyName, ObjectHandleOnStack requestingAssembly, StackCrawlMarkHandle stackMark, Boolean throwOnFileNotFound, ObjectHandleOnStack assemblyLoadContext, ObjectHandleOnStack retAssembly) in System.Private.CoreLib.dll:token 0x600534c+0x8
   at System.Reflection.RuntimeAssembly.InternalLoad(AssemblyName assemblyName, RuntimeAssembly requestingAssembly, StackCrawlMark& stackMark, Boolean throwOnFileNotFound, AssemblyLoadContext assemblyLoadContext) in System.Private.CoreLib.dll:token 0x600534b+0x16
   at System.Reflection.Assembly.Load(AssemblyName assemblyRef) in System.Private.CoreLib.dll:token 0x6005142+0xe
   at Microsoft.VisualStudio.TestPlatform.Common.ExtensionFramework.TestPluginCache.CurrentDomainAssemblyResolve(Object sender, AssemblyResolveEventArgs args) in Microsoft.VisualStudio.TestPlatform.Common.dll:token 0x60001a9+0x64
   at Microsoft.VisualStudio.TestPlatform.PlatformAbstractions.PlatformAssemblyResolver.AssemblyResolverEvent(Object sender, Object eventArgs) in Microsoft.TestPlatform.PlatformAbstractions.dll:token 0x600004a+0x1c
   at System.Runtime.Loader.AssemblyLoadContext.GetFirstResolvedAssemblyFromResolvingEvent(AssemblyName assemblyName) in System.Private.CoreLib.dll:token 0x6003b3f+0x24
   at System.Runtime.Loader.AssemblyLoadContext.ResolveUsingEvent(AssemblyName assemblyName) in System.Private.CoreLib.dll:token 0x6003b42+0x7
   at System.Runtime.Loader.AssemblyLoadContext.ResolveUsingResolvingEvent(IntPtr gchManagedAssemblyLoadContext, AssemblyName assemblyName) in System.Private.CoreLib.dll:token 0x6003b03+0x7
TpTrace Verbose: 0 : 19804, 1, 2021/09/20, 18:32:16.296, 58330134965, vstest.console.dll, TestPluginCache: Discovered the extensions using extension path ''.
TpTrace Verbose: 0 : 19804, 1, 2021/09/20, 18:32:16.297, 58330135378, vstest.console.dll, TestPluginCache: Discoverers are ''.
TpTrace Verbose: 0 : 19804, 1, 2021/09/20, 18:32:16.297, 58330135582, vstest.console.dll, TestPluginCache: Executors are ''.
TpTrace Verbose: 0 : 19804, 1, 2021/09/20, 18:32:16.297, 58330135809, vstest.console.dll, TestPluginCache: Executors2 are ''.
TpTrace Verbose: 0 : 19804, 1, 2021/09/20, 18:32:16.297, 58330135994, vstest.console.dll, TestPluginCache: Setting providers are ''.
TpTrace Verbose: 0 : 19804, 1, 2021/09/20, 18:32:16.297, 58330136641, vstest.console.dll, TestPluginCache: Loggers are 'logger://Microsoft/TestPlatform/Extensions/Blame/v1,logger://Microsoft/TestPlatform/HtmlLogger/v1,logger://Microsoft/TestPlatform/TrxLogger/v1'.
TpTrace Information: 0 : 19804, 1, 2021/09/20, 18:32:16.297, 58330144742, vstest.console.dll, TestPluginManager.CreateTestExtension: Attempting to load test extension: Microsoft.TestPlatform.Extensions.BlameDataCollector.BlameLogger
TpTrace Information: 0 : 19804, 1, 2021/09/20, 18:32:16.304, 58330213619, vstest.console.dll, TestPluginManager.CreateTestExtension: Attempting to load test extension: Microsoft.VisualStudio.TestPlatform.CrossPlatEngine.Hosting.DefaultTestHostManager
TpTrace Information: 0 : 19804, 1, 2021/09/20, 18:32:16.305, 58330217603, vstest.console.dll, TestPluginManager.CreateTestExtension: Attempting to load test extension: Microsoft.VisualStudio.TestPlatform.CrossPlatEngine.Hosting.DotnetTestHostManager
TpTrace Verbose: 0 : 19804, 1, 2021/09/20, 18:32:16.306, 58330225453, vstest.console.dll, TestEngine: Initializing Parallel Execution as MaxCpuCount is set to: 1
TpTrace Information: 0 : 19804, 1, 2021/09/20, 18:32:16.306, 58330233209, vstest.console.dll, InferRunSettingsHelper.IsTestSettingsEnabled: Unable to navigate to RunSettings/MSTest. Current node: RunSettings
TpTrace Verbose: 0 : 19804, 1, 2021/09/20, 18:32:16.324, 58330407967, vstest.console.dll, TestRequestSender is acting as server
TpTrace Verbose: 0 : 19804, 5, 2021/09/20, 18:32:16.328, 58330448368, vstest.console.dll, DataCollectionRequestSender.InitializeCommunication : Initialize communication. 
TpTrace Information: 0 : 19804, 5, 2021/09/20, 18:32:16.334, 58330514520, vstest.console.dll, Listening on Endpoint : 127.0.0.1:61630
TpTrace Verbose: 0 : 19804, 5, 2021/09/20, 18:32:16.347, 58330641468, vstest.console.dll, DotnetDataCollectionLauncher: Full path of dotnet.exe is C:\Program Files\dotnet\dotnet.exe
TpTrace Verbose: 0 : 19804, 5, 2021/09/20, 18:32:16.347, 58330644242, vstest.console.dll, DotnetDataCollectionLauncher: Adding  --runtimeconfig "C:\Program Files\dotnet\sdk\6.0.100-preview.7.21379.14\datacollector.runtimeconfig.json" in args
TpTrace Verbose: 0 : 19804, 5, 2021/09/20, 18:32:16.348, 58330645386, vstest.console.dll, DotnetDataCollectionLauncher: Adding  --depsfile "C:\Program Files\dotnet\sdk\6.0.100-preview.7.21379.14\datacollector.deps.json" in args
TpTrace Information: 0 : 19804, 5, 2021/09/20, 18:32:16.357, 58330743211, vstest.console.dll, ProxyDataCollectionManager.Initialize: Launched datacollector processId: 21476 port: 61630
TpTrace Information: 0 : 19804, 5, 2021/09/20, 18:32:16.358, 58330745285, vstest.console.dll, ProxyDataCollectionManager.Initialize: waiting for connection with timeout: 90 seconds
TpTrace Verbose: 0 : 19804, 5, 2021/09/20, 18:32:16.358, 58330746120, vstest.console.dll, DataCollectionRequestSender.WaitForRequestHandlerConnection : Waiting for connection with timeout: 90000
TpTrace Information: 0 : 19804, 8, 2021/09/20, 18:32:16.497, 58332143326, vstest.console.dll, Using the buffer size of 16384 bytes
TpTrace Verbose: 0 : 19804, 5, 2021/09/20, 18:32:16.497, 58332143940, vstest.console.dll, ProxyDataCollectionManager.InvokeDataCollectionServiceAction: Starting.
TpTrace Information: 0 : 19804, 8, 2021/09/20, 18:32:16.497, 58332144696, vstest.console.dll, Accepted Client request and set the flag
TpTrace Information: 0 : 19804, 5, 2021/09/20, 18:32:16.498, 58332146156, vstest.console.dll, ProxyDataCollectionManager.BeforeTestRunStart: Get environment variable and port for datacollector processId: 21476 port: 61630
TpTrace Verbose: 0 : 19804, 5, 2021/09/20, 18:32:16.498, 58332147951, vstest.console.dll, DataCollectionRequestSender.SendBeforeTestRunStartAndGetResult : Send BeforeTestRunStart message with settingsXml <RunSettings><RunConfiguration><ResultsDirectory>C:\Users\hp\Desktop\MyProjects\Expense-Management-System-Api\ExpenseManagementSystem\ExpenseManagementSystem.Test\bin\Debug\net5.0\fine-code-coverage\coverage-tool-output</ResultsDirectory><TargetPlatform>X64</TargetPlatform><TargetFrameworkVersion>.NETCoreApp,Version=v5.0</TargetFrameworkVersion><DesignMode>False</DesignMode><CollectSourceInformation>False</CollectSourceInformation><TestAdaptersPaths>C:\Program Files\dotnet\sdk\6.0.100-preview.7.21379.14\Extensions</TestAdaptersPaths></RunConfiguration><LoggerRunSettings><Loggers><Logger friendlyName="blame" enabled="True" /><Logger friendlyName="Console" uri="logger://microsoft/TestPlatform/ConsoleLogger/v1" assemblyQualifiedName="Microsoft.VisualStudio.TestPlatform.CommandLine.Internal.ConsoleLogger, vstest.console, Version=15.0.0.0, Culture=neutral, PublicKeyToken=b03f5f7f11d50a3a" codeBase="C:\Program Files\dotnet\sdk\6.0.100-preview.7.21379.14\vstest.console.dll" enabled="True" /></Loggers></LoggerRunSettings><DataCollectionRunSettings><DataCollectors><DataCollector friendlyName="blame" enabled="True"><Configuration><ResultsDirectory>C:\Users\hp\Desktop\MyProjects\Expense-Management-System-Api\ExpenseManagementSystem\ExpenseManagementSystem.Test\bin\Debug\net5.0\fine-code-coverage\coverage-tool-output</ResultsDirectory></Configuration></DataCollector></DataCollectors></DataCollectionRunSettings></RunSettings> and sources System.Linq.Enumerable+Concat2Iterator`1[System.String]: 
TpTrace Verbose: 0 : 19804, 5, 2021/09/20, 18:32:16.586, 58333031066, vstest.console.dll, DataCollectionRequestSender.SendBeforeTestRunStartAndGetResult : Received message: (DataCollection.SendMessage) -> {
  "FriendlyName": null,
  "Uri": null,
  "TestCaseId": "00000000-0000-0000-0000-000000000000",
  "Message": "Logging DataCollector Diagnostics in file: C:\\Users\\hp\\Desktop\\MyProjects\\Expense-Management-System-Api\\ExpenseManagementSystem\\ExpenseManagementSystem.Test\\bin\\Debug\\net5.0\\fine-code-coverage\\coverage-tool-output\\diagnostics.datacollector.21-09-20_18-32-16_34322_5.log",
  "Level": 0
}
TpTrace Verbose: 0 : 19804, 5, 2021/09/20, 18:32:16.671, 58333878664, vstest.console.dll, DataCollectionRequestSender.SendBeforeTestRunStartAndGetResult : Received message: (DataCollection.BeforeTestRunStartResult) -> {
  "EnvironmentVariables": {},
  "DataCollectionEventsPort": 61633
}
TpTrace Information: 0 : 19804, 5, 2021/09/20, 18:32:16.677, 58333937733, vstest.console.dll, ProxyDataCollectionManager.BeforeTestRunStart: SendBeforeTestRunStartAndGetResult successful, env variable from datacollector:   and testhost port: 61633
TpTrace Information: 0 : 19804, 5, 2021/09/20, 18:32:16.677, 58333938828, vstest.console.dll, ProxyDataCollectionManager.InvokeDataCollectionServiceAction: Completed.
TpTrace Verbose: 0 : 19804, 1, 2021/09/20, 18:32:16.677, 58333940213, vstest.console.dll, TestRunRequest.ExecuteAsync: Creating test run request.
TpTrace Verbose: 0 : 19804, 1, 2021/09/20, 18:32:16.677, 58333943075, vstest.console.dll, TestRunRequest.ExecuteAsync: Starting.
TpTrace Information: 0 : 19804, 1, 2021/09/20, 18:32:16.678, 58333946416, vstest.console.dll, TestRunRequest.ExecuteAsync: Starting run with settings:TestRunCriteria:
   KeepAlive=False,FrequencyOfRunStatsChangeEvent=10,RunStatsChangeEventTimeout=00:00:01.5000000,TestCaseFilter=,TestExecutorLauncher=
   Settingsxml=<RunSettings>
  <RunConfiguration>
    <ResultsDirectory>C:\Users\hp\Desktop\MyProjects\Expense-Management-System-Api\ExpenseManagementSystem\ExpenseManagementSystem.Test\bin\Debug\net5.0\fine-code-coverage\coverage-tool-output</ResultsDirectory>
    <TargetPlatform>X64</TargetPlatform>
    <TargetFrameworkVersion>.NETCoreApp,Version=v5.0</TargetFrameworkVersion>
    <DesignMode>False</DesignMode>
    <CollectSourceInformation>False</CollectSourceInformation>
  </RunConfiguration>
  <LoggerRunSettings>
    <Loggers>
      <Logger friendlyName="blame" enabled="True" />
      <Logger friendlyName="Console" uri="logger://microsoft/TestPlatform/ConsoleLogger/v1" assemblyQualifiedName="Microsoft.VisualStudio.TestPlatform.CommandLine.Internal.ConsoleLogger, vstest.console, Version=15.0.0.0, Culture=neutral, PublicKeyToken=b03f5f7f11d50a3a" codeBase="C:\Program Files\dotnet\sdk\6.0.100-preview.7.21379.14\vstest.console.dll" enabled="True" />
    </Loggers>
  </LoggerRunSettings>
  <DataCollectionRunSettings>
    <DataCollectors>
      <DataCollector friendlyName="blame" enabled="True">
        <Configuration>
          <ResultsDirectory>C:\Users\hp\Desktop\MyProjects\Expense-Management-System-Api\ExpenseManagementSystem\ExpenseManagementSystem.Test\bin\Debug\net5.0\fine-code-coverage\coverage-tool-output</ResultsDirectory>
        </Configuration>
      </DataCollector>
    </DataCollectors>
  </DataCollectionRunSettings>
</RunSettings>

TpTrace Verbose: 0 : 19804, 1, 2021/09/20, 18:32:16.678, 58333946995, vstest.console.dll, TestRunRequest.ExecuteAsync: Wait for the first run request is over.
TpTrace Verbose: 0 : 19804, 1, 2021/09/20, 18:32:16.678, 58333951260, vstest.console.dll, ParallelProxyExecutionManager: Start execution. Total sources: 1
TpTrace Information: 0 : 19804, 1, 2021/09/20, 18:32:16.679, 58333958518, vstest.console.dll, ProxyParallelExecutionManager: Triggering test run for next source: C:\Users\hp\Desktop\MyProjects\Expense-Management-System-Api\ExpenseManagementSystem\ExpenseManagementSystem.Test\bin\Debug\net5.0\fine-code-coverage\build-output\ExpenseManagementSystem.Test.dll
TpTrace Verbose: 0 : 19804, 5, 2021/09/20, 18:32:16.679, 58333960176, vstest.console.dll, ParallelProxyExecutionManager: Execution started. Started clients: 1
TpTrace Verbose: 0 : 19804, 1, 2021/09/20, 18:32:16.679, 58333960723, vstest.console.dll, ProxyParallelExecutionManager: No sources available for execution.
TpTrace Information: 0 : 19804, 1, 2021/09/20, 18:32:16.679, 58333961424, vstest.console.dll, TestRunRequest.ExecuteAsync: Started.
TpTrace Verbose: 0 : 19804, 1, 2021/09/20, 18:32:16.679, 58333962338, vstest.console.dll, TestRunRequest.WaitForCompletion: Waiting with timeout -1.
TpTrace Verbose: 0 : 19804, 5, 2021/09/20, 18:32:16.679, 58333963826, vstest.console.dll, TestRunRequest:SendTestRunMessage: Starting.
TpTrace Information: 0 : 19804, 5, 2021/09/20, 18:32:16.679, 58333965169, vstest.console.dll, TestRunRequest:SendTestRunMessage: Completed.
TpTrace Verbose: 0 : 19804, 5, 2021/09/20, 18:32:16.680, 58333967192, vstest.console.dll, ProxyExecutionManager: Test host is always Lazy initialize.
TpTrace Verbose: 0 : 19804, 5, 2021/09/20, 18:32:16.680, 58333969534, vstest.console.dll, TestRequestSender.InitializeCommunication: initialize communication. 
TpTrace Information: 0 : 19804, 5, 2021/09/20, 18:32:16.680, 58333974254, vstest.console.dll, SocketServer.Start: Listening on endpoint : 127.0.0.1:61634
TpTrace Verbose: 0 : 19804, 5, 2021/09/20, 18:32:16.681, 58333981387, vstest.console.dll, DotnetTestHostmanager: Adding  --runtimeconfig "C:\Users\hp\Desktop\MyProjects\Expense-Management-System-Api\ExpenseManagementSystem\ExpenseManagementSystem.Test\bin\Debug\net5.0\fine-code-coverage\build-output\ExpenseManagementSystem.Test.runtimeconfig.json" in args
TpTrace Verbose: 0 : 19804, 5, 2021/09/20, 18:32:16.681, 58333982464, vstest.console.dll, DotnetTestHostmanager: Adding  --depsfile "C:\Users\hp\Desktop\MyProjects\Expense-Management-System-Api\ExpenseManagementSystem\ExpenseManagementSystem.Test\bin\Debug\net5.0\fine-code-coverage\build-output\ExpenseManagementSystem.Test.deps.json" in args
TpTrace Verbose: 0 : 19804, 5, 2021/09/20, 18:32:16.681, 58333984501, vstest.console.dll, DotnetTestHostManager: Testhost.exe/testhost.x86.exe found at path: C:\Users\hp\Desktop\MyProjects\Expense-Management-System-Api\ExpenseManagementSystem\ExpenseManagementSystem.Test\bin\Debug\net5.0\fine-code-coverage\build-output\testhost.exe
TpTrace Verbose: 0 : 19804, 5, 2021/09/20, 18:32:16.681, 58333985100, vstest.console.dll, DotnetTestHostmanager: Full path of host exe is C:\Users\hp\Desktop\MyProjects\Expense-Management-System-Api\ExpenseManagementSystem\ExpenseManagementSystem.Test\bin\Debug\net5.0\fine-code-coverage\build-output\testhost.exe
TpTrace Verbose: 0 : 19804, 7, 2021/09/20, 18:32:16.682, 58333994064, vstest.console.dll, DotnetTestHostManager: Starting process 'C:\Users\hp\Desktop\MyProjects\Expense-Management-System-Api\ExpenseManagementSystem\ExpenseManagementSystem.Test\bin\Debug\net5.0\fine-code-coverage\build-output\testhost.exe' with command line ' --runtimeconfig "C:\Users\hp\Desktop\MyProjects\Expense-Management-System-Api\ExpenseManagementSystem\ExpenseManagementSystem.Test\bin\Debug\net5.0\fine-code-coverage\build-output\ExpenseManagementSystem.Test.runtimeconfig.json" --depsfile "C:\Users\hp\Desktop\MyProjects\Expense-Management-System-Api\ExpenseManagementSystem\ExpenseManagementSystem.Test\bin\Debug\net5.0\fine-code-coverage\build-output\ExpenseManagementSystem.Test.deps.json" --port 61634 --endpoint 127.0.0.1:061634 --role client --parentprocessid 19804 --diag "C:\Users\hp\Desktop\MyProjects\Expense-Management-System-Api\ExpenseManagementSystem\ExpenseManagementSystem.Test\bin\Debug\net5.0\fine-code-coverage\coverage-tool-output\diagnostics.host.21-09-20_18-32-16_68122_5.log" --tracelevel 4 --datacollectionport 61633 --telemetryoptedin false'
TpTrace Verbose: 0 : 19804, 7, 2021/09/20, 18:32:16.687, 58334042913, vstest.console.dll, Test Runtime launched
TpTrace Verbose: 0 : 19804, 5, 2021/09/20, 18:32:16.688, 58334051414, vstest.console.dll, TestRequestSender.WaitForRequestHandlerConnection: waiting for connection with timeout: 90000
TpTrace Verbose: 0 : 19804, 7, 2021/09/20, 18:32:16.881, 58335983409, vstest.console.dll, SocketServer.OnClientConnected: Client connected for endPoint: 127.0.0.1:61634, starting MessageLoopAsync:
TpTrace Verbose: 0 : 19804, 14, 2021/09/20, 18:32:16.882, 58335987289, vstest.console.dll, TcpClientExtensions.MessageLoopAsync: Polling on remoteEndPoint: 127.0.0.1:61635 localEndPoint: 127.0.0.1:61634
TpTrace Verbose: 0 : 19804, 14, 2021/09/20, 18:32:17.019, 58337360436, vstest.console.dll, TcpClientExtensions.MessageLoopAsync: NotifyDataAvailable remoteEndPoint: 127.0.0.1:61635 localEndPoint: 127.0.0.1:61634
TpTrace Verbose: 0 : 19804, 14, 2021/09/20, 18:32:17.019, 58337363872, vstest.console.dll, TestRequestSender.CheckVersionWithTestHost: onMessageReceived received message: (ProtocolVersion) -> 5
TpTrace Verbose: 0 : 19804, 14, 2021/09/20, 18:32:17.020, 58337368005, vstest.console.dll, TcpClientExtensions.MessageLoopAsync: Polling on remoteEndPoint: 127.0.0.1:61635 localEndPoint: 127.0.0.1:61634
TpTrace Verbose: 0 : 19804, 5, 2021/09/20, 18:32:17.020, 58337370264, vstest.console.dll, TestPluginCache.GetExtensionPaths: Filtered extension paths: 
TpTrace Verbose: 0 : 19804, 5, 2021/09/20, 18:32:17.020, 58337370892, vstest.console.dll, TestPluginCache.GetExtensionPaths: Added default extension paths: C:\Program Files\dotnet\sdk\6.0.100-preview.7.21379.14\Extensions\Microsoft.Diagnostics.NETCore.Client.dll
C:\Program Files\dotnet\sdk\6.0.100-preview.7.21379.14\Extensions\Microsoft.TestPlatform.Extensions.BlameDataCollector.dll
C:\Program Files\dotnet\sdk\6.0.100-preview.7.21379.14\Extensions\Microsoft.TestPlatform.Extensions.EventLogCollector.dll
C:\Program Files\dotnet\sdk\6.0.100-preview.7.21379.14\Extensions\Microsoft.TestPlatform.TestHostRuntimeProvider.dll
C:\Program Files\dotnet\sdk\6.0.100-preview.7.21379.14\Extensions\Microsoft.VisualStudio.TestPlatform.Extensions.Html.TestLogger.dll
C:\Program Files\dotnet\sdk\6.0.100-preview.7.21379.14\Extensions\Microsoft.VisualStudio.TestPlatform.Extensions.Trx.TestLogger.dll
TpTrace Verbose: 0 : 19804, 5, 2021/09/20, 18:32:17.020, 58337371214, vstest.console.dll, TestPluginCache.GetExtensionPaths: Added unfilterableExtensionPaths: 
TpTrace Verbose: 0 : 19804, 5, 2021/09/20, 18:32:17.023, 58337400791, vstest.console.dll, TestRequestSender.InitializeExecution: Sending initializing execution with message: {"Version":5,"MessageType":"TestExecution.Initialize","Payload":["C:\\Users\\hp\\Desktop\\MyProjects\\Expense-Management-System-Api\\ExpenseManagementSystem\\ExpenseManagementSystem.Test\\bin\\Debug\\net5.0\\fine-code-coverage\\build-output\\xunit.runner.visualstudio.dotnetcore.testadapter.dll"]}
TpTrace Verbose: 0 : 19804, 14, 2021/09/20, 18:32:17.032, 58337486907, vstest.console.dll, TcpClientExtensions.MessageLoopAsync: NotifyDataAvailable remoteEndPoint: 127.0.0.1:61635 localEndPoint: 127.0.0.1:61634
TpTrace Verbose: 0 : 19804, 14, 2021/09/20, 18:32:17.032, 58337489440, vstest.console.dll, TestRequestSender.OnExecutionMessageReceived: Received message: {"Version":5,"MessageType":"TestSession.Message","Payload":{"MessageLevel":0,"Message":"Logging TestHost Diagnostics in file: C:\\Users\\hp\\Desktop\\MyProjects\\Expense-Management-System-Api\\ExpenseManagementSystem\\ExpenseManagementSystem.Test\\bin\\Debug\\net5.0\\fine-code-coverage\\coverage-tool-output\\diagnostics.host.21-09-20_18-32-16_68122_5.log"}}
TpTrace Verbose: 0 : 19804, 14, 2021/09/20, 18:32:17.034, 58337509251, vstest.console.dll, TestRunRequest:SendTestRunMessage: Starting.
TpTrace Verbose: 0 : 19804, 5, 2021/09/20, 18:32:17.034, 58337509880, vstest.console.dll, TestRequestSender.StartTestRun: Sending test run with message: {"Version":5,"MessageType":"TestExecution.StartWithSources","Payload":{"AdapterSourceMap":{"_none_":["C:\\Users\\hp\\Desktop\\MyProjects\\Expense-Management-System-Api\\ExpenseManagementSystem\\ExpenseManagementSystem.Test\\bin\\Debug\\net5.0\\fine-code-coverage\\build-output\\ExpenseManagementSystem.Test.dll"]},"RunSettings":"<RunSettings>\r\n  <RunConfiguration>\r\n    <ResultsDirectory>C:\\Users\\hp\\Desktop\\MyProjects\\Expense-Management-System-Api\\ExpenseManagementSystem\\ExpenseManagementSystem.Test\\bin\\Debug\\net5.0\\fine-code-coverage\\coverage-tool-output</ResultsDirectory>\r\n    <TargetPlatform>X64</TargetPlatform>\r\n    <TargetFrameworkVersion>.NETCoreApp,Version=v5.0</TargetFrameworkVersion>\r\n    <DesignMode>False</DesignMode>\r\n    <CollectSourceInformation>False</CollectSourceInformation>\r\n  </RunConfiguration>\r\n  <LoggerRunSettings>\r\n    <Loggers>\r\n      <Logger friendlyName=\"blame\" enabled=\"True\" />\r\n      <Logger friendlyName=\"Console\" uri=\"logger://microsoft/TestPlatform/ConsoleLogger/v1\" assemblyQualifiedName=\"Microsoft.VisualStudio.TestPlatform.CommandLine.Internal.ConsoleLogger, vstest.console, Version=15.0.0.0, Culture=neutral, PublicKeyToken=b03f5f7f11d50a3a\" codeBase=\"C:\\Program Files\\dotnet\\sdk\\6.0.100-preview.7.21379.14\\vstest.console.dll\" enabled=\"True\" />\r\n    </Loggers>\r\n  </LoggerRunSettings>\r\n  <DataCollectionRunSettings>\r\n    <DataCollectors>\r\n      <DataCollector friendlyName=\"blame\" enabled=\"True\">\r\n        <Configuration>\r\n          <ResultsDirectory>C:\\Users\\hp\\Desktop\\MyProjects\\Expense-Management-System-Api\\ExpenseManagementSystem\\ExpenseManagementSystem.Test\\bin\\Debug\\net5.0\\fine-code-coverage\\coverage-tool-output</ResultsDirectory>\r\n        </Configuration>\r\n      </DataCollector>\r\n    </DataCollectors>\r\n  </DataCollectionRunSettings>\r\n</RunSettings>","TestExecutionContext":{"FrequencyOfRunStatsChangeEvent":10,"RunStatsChangeEventTimeout":"00:00:01.5000000","InIsolation":false,"KeepAlive":false,"AreTestCaseLevelEventsRequired":false,"IsDebug":false,"TestCaseFilter":null,"FilterOptions":null},"Package":null}}
TpTrace Information: 0 : 19804, 14, 2021/09/20, 18:32:17.034, 58337510285, vstest.console.dll, TestRunRequest:SendTestRunMessage: Completed.
TpTrace Verbose: 0 : 19804, 14, 2021/09/20, 18:32:17.034, 58337510753, vstest.console.dll, TcpClientExtensions.MessageLoopAsync: Polling on remoteEndPoint: 127.0.0.1:61635 localEndPoint: 127.0.0.1:61634
TpTrace Verbose: 0 : 19804, 14, 2021/09/20, 18:32:17.175, 58338919643, vstest.console.dll, TcpClientExtensions.MessageLoopAsync: NotifyDataAvailable remoteEndPoint: 127.0.0.1:61635 localEndPoint: 127.0.0.1:61634
TpTrace Verbose: 0 : 19804, 14, 2021/09/20, 18:32:17.175, 58338921856, vstest.console.dll, TestRequestSender.OnExecutionMessageReceived: Received message: {"Version":5,"MessageType":"TestSession.Message","Payload":{"MessageLevel":0,"Message":"[xUnit.net 00:00:00.00] xUnit.net VSTest Adapter v2.4.3+1b45f5407b (64-bit .NET 5.0.9)"}}
TpTrace Verbose: 0 : 19804, 14, 2021/09/20, 18:32:17.176, 58338926481, vstest.console.dll, TestRunRequest:SendTestRunMessage: Starting.
TpTrace Information: 0 : 19804, 14, 2021/09/20, 18:32:17.176, 58338927438, vstest.console.dll, TestRunRequest:SendTestRunMessage: Completed.
TpTrace Verbose: 0 : 19804, 14, 2021/09/20, 18:32:17.176, 58338928046, vstest.console.dll, TcpClientExtensions.MessageLoopAsync: Polling on remoteEndPoint: 127.0.0.1:61635 localEndPoint: 127.0.0.1:61634
TpTrace Verbose: 0 : 19804, 14, 2021/09/20, 18:32:17.929, 58346456054, vstest.console.dll, TcpClientExtensions.MessageLoopAsync: NotifyDataAvailable remoteEndPoint: 127.0.0.1:61635 localEndPoint: 127.0.0.1:61634
TpTrace Verbose: 0 : 19804, 14, 2021/09/20, 18:32:17.929, 58346457610, vstest.console.dll, TestRequestSender.OnExecutionMessageReceived: Received message: {"Version":5,"MessageType":"TestSession.Message","Payload":{"MessageLevel":0,"Message":"[xUnit.net 00:00:00.76]   Discovering: ExpenseManagementSystem.Test"}}
TpTrace Verbose: 0 : 19804, 14, 2021/09/20, 18:32:17.929, 58346459928, vstest.console.dll, TestRunRequest:SendTestRunMessage: Starting.
TpTrace Information: 0 : 19804, 14, 2021/09/20, 18:32:17.929, 58346460543, vstest.console.dll, TestRunRequest:SendTestRunMessage: Completed.
TpTrace Verbose: 0 : 19804, 14, 2021/09/20, 18:32:17.929, 58346460861, vstest.console.dll, TcpClientExtensions.MessageLoopAsync: Polling on remoteEndPoint: 127.0.0.1:61635 localEndPoint: 127.0.0.1:61634
TpTrace Verbose: 0 : 19804, 14, 2021/09/20, 18:32:17.967, 58346838103, vstest.console.dll, TcpClientExtensions.MessageLoopAsync: NotifyDataAvailable remoteEndPoint: 127.0.0.1:61635 localEndPoint: 127.0.0.1:61634
TpTrace Verbose: 0 : 19804, 14, 2021/09/20, 18:32:17.967, 58346839563, vstest.console.dll, TestRequestSender.OnExecutionMessageReceived: Received message: {"Version":5,"MessageType":"TestSession.Message","Payload":{"MessageLevel":0,"Message":"[xUnit.net 00:00:00.79]   Discovered:  ExpenseManagementSystem.Test"}}
TpTrace Verbose: 0 : 19804, 14, 2021/09/20, 18:32:17.967, 58346841297, vstest.console.dll, TestRunRequest:SendTestRunMessage: Starting.
TpTrace Information: 0 : 19804, 14, 2021/09/20, 18:32:17.967, 58346841968, vstest.console.dll, TestRunRequest:SendTestRunMessage: Completed.
TpTrace Verbose: 0 : 19804, 14, 2021/09/20, 18:32:17.967, 58346842462, vstest.console.dll, TcpClientExtensions.MessageLoopAsync: Polling on remoteEndPoint: 127.0.0.1:61635 localEndPoint: 127.0.0.1:61634
TpTrace Verbose: 0 : 19804, 14, 2021/09/20, 18:32:17.969, 58346863920, vstest.console.dll, TcpClientExtensions.MessageLoopAsync: NotifyDataAvailable remoteEndPoint: 127.0.0.1:61635 localEndPoint: 127.0.0.1:61634
TpTrace Verbose: 0 : 19804, 14, 2021/09/20, 18:32:17.969, 58346864706, vstest.console.dll, TestRequestSender.OnExecutionMessageReceived: Received message: {"Version":5,"MessageType":"TestSession.Message","Payload":{"MessageLevel":0,"Message":"[xUnit.net 00:00:00.80]   Starting:    ExpenseManagementSystem.Test"}}
TpTrace Verbose: 0 : 19804, 14, 2021/09/20, 18:32:17.970, 58346865915, vstest.console.dll, TestRunRequest:SendTestRunMessage: Starting.
TpTrace Information: 0 : 19804, 14, 2021/09/20, 18:32:17.970, 58346866412, vstest.console.dll, TestRunRequest:SendTestRunMessage: Completed.
TpTrace Verbose: 0 : 19804, 14, 2021/09/20, 18:32:17.970, 58346866719, vstest.console.dll, TcpClientExtensions.MessageLoopAsync: Polling on remoteEndPoint: 127.0.0.1:61635 localEndPoint: 127.0.0.1:61634
TpTrace Verbose: 0 : 19804, 14, 2021/09/20, 18:32:18.148, 58348654721, vstest.console.dll, TcpClientExtensions.MessageLoopAsync: NotifyDataAvailable remoteEndPoint: 127.0.0.1:61635 localEndPoint: 127.0.0.1:61634
TpTrace Verbose: 0 : 19804, 14, 2021/09/20, 18:32:18.149, 58348656621, vstest.console.dll, TestRequestSender.OnExecutionMessageReceived: Received message: {"Version":5,"MessageType":"TestSession.Message","Payload":{"MessageLevel":2,"Message":"[xUnit.net 00:00:00.98]     ExpenseManagementSystem.Test.ViewExpenseShould.GetAllExpenses [FAIL]"}}
TpTrace Verbose: 0 : 19804, 14, 2021/09/20, 18:32:18.149, 58348663474, vstest.console.dll, TestRunRequest:SendTestRunMessage: Starting.
TpTrace Information: 0 : 19804, 14, 2021/09/20, 18:32:18.150, 58348665455, vstest.console.dll, TestRunRequest:SendTestRunMessage: Completed.
TpTrace Verbose: 0 : 19804, 14, 2021/09/20, 18:32:18.150, 58348667292, vstest.console.dll, TcpClientExtensions.MessageLoopAsync: Polling on remoteEndPoint: 127.0.0.1:61635 localEndPoint: 127.0.0.1:61634
TpTrace Verbose: 0 : 19804, 14, 2021/09/20, 18:32:18.150, 58348668052, vstest.console.dll, TcpClientExtensions.MessageLoopAsync: NotifyDataAvailable remoteEndPoint: 127.0.0.1:61635 localEndPoint: 127.0.0.1:61634
TpTrace Verbose: 0 : 19804, 14, 2021/09/20, 18:32:18.150, 58348668911, vstest.console.dll, TestRequestSender.OnExecutionMessageReceived: Received message: {"Version":5,"MessageType":"TestSession.Message","Payload":{"MessageLevel":0,"Message":"[xUnit.net 00:00:00.98]       Assert.True() Failure"}}
TpTrace Verbose: 0 : 19804, 14, 2021/09/20, 18:32:18.150, 58348670259, vstest.console.dll, TestRunRequest:SendTestRunMessage: Starting.
TpTrace Information: 0 : 19804, 14, 2021/09/20, 18:32:18.150, 58348670922, vstest.console.dll, TestRunRequest:SendTestRunMessage: Completed.
TpTrace Verbose: 0 : 19804, 14, 2021/09/20, 18:32:18.150, 58348671337, vstest.console.dll, TcpClientExtensions.MessageLoopAsync: Polling on remoteEndPoint: 127.0.0.1:61635 localEndPoint: 127.0.0.1:61634
TpTrace Verbose: 0 : 19804, 14, 2021/09/20, 18:32:18.150, 58348671754, vstest.console.dll, TcpClientExtensions.MessageLoopAsync: NotifyDataAvailable remoteEndPoint: 127.0.0.1:61635 localEndPoint: 127.0.0.1:61634
TpTrace Verbose: 0 : 19804, 14, 2021/09/20, 18:32:18.150, 58348672327, vstest.console.dll, TestRequestSender.OnExecutionMessageReceived: Received message: {"Version":5,"MessageType":"TestSession.Message","Payload":{"MessageLevel":0,"Message":"[xUnit.net 00:00:00.98]       Expected: True"}}
TpTrace Verbose: 0 : 19804, 14, 2021/09/20, 18:32:18.150, 58348673822, vstest.console.dll, TestRunRequest:SendTestRunMessage: Starting.
TpTrace Information: 0 : 19804, 14, 2021/09/20, 18:32:18.150, 58348674455, vstest.console.dll, TestRunRequest:SendTestRunMessage: Completed.
TpTrace Verbose: 0 : 19804, 14, 2021/09/20, 18:32:18.150, 58348674855, vstest.console.dll, TcpClientExtensions.MessageLoopAsync: Polling on remoteEndPoint: 127.0.0.1:61635 localEndPoint: 127.0.0.1:61634
TpTrace Verbose: 0 : 19804, 14, 2021/09/20, 18:32:18.151, 58348675343, vstest.console.dll, TcpClientExtensions.MessageLoopAsync: NotifyDataAvailable remoteEndPoint: 127.0.0.1:61635 localEndPoint: 127.0.0.1:61634
TpTrace Verbose: 0 : 19804, 14, 2021/09/20, 18:32:18.151, 58348675933, vstest.console.dll, TestRequestSender.OnExecutionMessageReceived: Received message: {"Version":5,"MessageType":"TestSession.Message","Payload":{"MessageLevel":0,"Message":"[xUnit.net 00:00:00.98]       Actual:   False"}}
TpTrace Verbose: 0 : 19804, 14, 2021/09/20, 18:32:18.151, 58348677312, vstest.console.dll, TestRunRequest:SendTestRunMessage: Starting.
TpTrace Information: 0 : 19804, 14, 2021/09/20, 18:32:18.151, 58348677937, vstest.console.dll, TestRunRequest:SendTestRunMessage: Completed.
TpTrace Verbose: 0 : 19804, 14, 2021/09/20, 18:32:18.151, 58348678351, vstest.console.dll, TcpClientExtensions.MessageLoopAsync: Polling on remoteEndPoint: 127.0.0.1:61635 localEndPoint: 127.0.0.1:61634
TpTrace Verbose: 0 : 19804, 14, 2021/09/20, 18:32:18.151, 58348681857, vstest.console.dll, TcpClientExtensions.MessageLoopAsync: NotifyDataAvailable remoteEndPoint: 127.0.0.1:61635 localEndPoint: 127.0.0.1:61634
TpTrace Verbose: 0 : 19804, 14, 2021/09/20, 18:32:18.151, 58348682724, vstest.console.dll, TestRequestSender.OnExecutionMessageReceived: Received message: {"Version":5,"MessageType":"TestSession.Message","Payload":{"MessageLevel":0,"Message":"[xUnit.net 00:00:00.98]       Stack Trace:"}}
TpTrace Verbose: 0 : 19804, 14, 2021/09/20, 18:32:18.151, 58348683865, vstest.console.dll, TestRunRequest:SendTestRunMessage: Starting.
TpTrace Information: 0 : 19804, 14, 2021/09/20, 18:32:18.151, 58348684475, vstest.console.dll, TestRunRequest:SendTestRunMessage: Completed.
TpTrace Verbose: 0 : 19804, 14, 2021/09/20, 18:32:18.151, 58348684753, vstest.console.dll, TcpClientExtensions.MessageLoopAsync: Polling on remoteEndPoint: 127.0.0.1:61635 localEndPoint: 127.0.0.1:61634
TpTrace Verbose: 0 : 19804, 14, 2021/09/20, 18:32:18.153, 58348704972, vstest.console.dll, TcpClientExtensions.MessageLoopAsync: NotifyDataAvailable remoteEndPoint: 127.0.0.1:61635 localEndPoint: 127.0.0.1:61634
TpTrace Verbose: 0 : 19804, 14, 2021/09/20, 18:32:18.154, 58348706243, vstest.console.dll, TestRequestSender.OnExecutionMessageReceived: Received message: {"Version":5,"MessageType":"TestSession.Message","Payload":{"MessageLevel":0,"Message":"[xUnit.net 00:00:00.98]         C:\\Users\\hp\\Desktop\\MyProjects\\Expense-Management-System-Api\\ExpenseManagementSystem\\ExpenseManagementSystem.Test\\ViewExpenseShould.cs(44,0): at ExpenseManagementSystem.Test.ViewExpenseShould.GetAllExpenses()"}}
TpTrace Verbose: 0 : 19804, 14, 2021/09/20, 18:32:18.154, 58348707768, vstest.console.dll, TestRunRequest:SendTestRunMessage: Starting.
TpTrace Information: 0 : 19804, 14, 2021/09/20, 18:32:18.154, 58348708524, vstest.console.dll, TestRunRequest:SendTestRunMessage: Completed.
TpTrace Verbose: 0 : 19804, 14, 2021/09/20, 18:32:18.154, 58348709055, vstest.console.dll, TcpClientExtensions.MessageLoopAsync: Polling on remoteEndPoint: 127.0.0.1:61635 localEndPoint: 127.0.0.1:61634
TpTrace Verbose: 0 : 19804, 14, 2021/09/20, 18:32:18.176, 58348935166, vstest.console.dll, TcpClientExtensions.MessageLoopAsync: NotifyDataAvailable remoteEndPoint: 127.0.0.1:61635 localEndPoint: 127.0.0.1:61634
TpTrace Verbose: 0 : 19804, 14, 2021/09/20, 18:32:18.177, 58348936577, vstest.console.dll, TestRequestSender.OnExecutionMessageReceived: Received message: {"Version":5,"MessageType":"TestSession.Message","Payload":{"MessageLevel":0,"Message":"[xUnit.net 00:00:01.01]   Finished:    ExpenseManagementSystem.Test"}}
TpTrace Verbose: 0 : 19804, 14, 2021/09/20, 18:32:18.177, 58348938369, vstest.console.dll, TestRunRequest:SendTestRunMessage: Starting.
TpTrace Information: 0 : 19804, 14, 2021/09/20, 18:32:18.177, 58348939039, vstest.console.dll, TestRunRequest:SendTestRunMessage: Completed.
TpTrace Verbose: 0 : 19804, 14, 2021/09/20, 18:32:18.177, 58348939321, vstest.console.dll, TcpClientExtensions.MessageLoopAsync: Polling on remoteEndPoint: 127.0.0.1:61635 localEndPoint: 127.0.0.1:61634
TpTrace Verbose: 0 : 19804, 14, 2021/09/20, 18:32:18.214, 58349306038, vstest.console.dll, TcpClientExtensions.MessageLoopAsync: NotifyDataAvailable remoteEndPoint: 127.0.0.1:61635 localEndPoint: 127.0.0.1:61634
TpTrace Verbose: 0 : 19804, 14, 2021/09/20, 18:32:18.214, 58349307850, vstest.console.dll, TestRequestSender.OnExecutionMessageReceived: Received message: {"Version":5,"MessageType":"TestExecution.Completed","Payload":{"TestRunCompleteArgs":{"TestRunStatistics":{"ExecutedTests":1,"Stats":{"Failed":1}},"IsCanceled":false,"IsAborted":false,"Error":null,"AttachmentSets":[],"ElapsedTimeInRunningTests":"00:00:01.0218350","Metrics":{}},"LastRunTests":{"NewTestResults":[{"TestCase":{"Id":"bbe653b9-fe8a-ae82-dd28-e646cdd6f508","FullyQualifiedName":"ExpenseManagementSystem.Test.ViewExpenseShould.GetAllExpenses","DisplayName":"ExpenseManagementSystem.Test.ViewExpenseShould.GetAllExpenses","ExecutorUri":"executor://xunit/VsTestRunner2/netcoreapp","Source":"C:\\Users\\hp\\Desktop\\MyProjects\\Expense-Management-System-Api\\ExpenseManagementSystem\\ExpenseManagementSystem.Test\\bin\\Debug\\net5.0\\fine-code-coverage\\build-output\\ExpenseManagementSystem.Test.dll","CodeFilePath":null,"LineNumber":0,"Properties":[]},"Attachments":[],"Outcome":2,"ErrorMessage":"Assert.True() Failure\r\nExpected: True\r\nActual:   False","ErrorStackTrace":"   at ExpenseManagementSystem.Test.ViewExpenseShould.GetAllExpenses() in C:\\Users\\hp\\Desktop\\MyProjects\\Expense-Management-System-Api\\ExpenseManagementSystem\\ExpenseManagementSystem.Test\\ViewExpenseShould.cs:line 44","DisplayName":"ExpenseManagementSystem.Test.ViewExpenseShould.GetAllExpenses","Messages":[],"ComputerName":"LAPTOP-0VSJ0RU3","Duration":"00:00:00.1029463","StartTime":"2021-09-20T17:32:18.1563323+00:00","EndTime":"2021-09-20T17:32:18.1564435+00:00","Properties":[]}],"TestRunStatistics":{"ExecutedTests":1,"Stats":{"Failed":1}},"ActiveTests":[]},"RunAttachments":[],"ExecutorUris":["executor://xunit/VsTestRunner2/netcoreapp"]}}
TpTrace Verbose: 0 : 19804, 14, 2021/09/20, 18:32:18.216, 58349327574, vstest.console.dll, TestRequestSender.EndSession: Sending end session.
TpTrace Verbose: 0 : 19804, 14, 2021/09/20, 18:32:18.216, 58349329538, vstest.console.dll, ProxyOperationManager.Close: waiting for test host to exit for 100 ms
TpTrace Warning: 0 : 19804, 13, 2021/09/20, 18:32:18.244, 58349614981, vstest.console.dll, TestHostManagerCallbacks.ErrorReceivedCallback Test host standard error line: 
TpTrace Verbose: 0 : 19804, 8, 2021/09/20, 18:32:18.259, 58349755686, vstest.console.dll, TestHostProvider.ExitCallBack: Host exited starting callback.
TpTrace Information: 0 : 19804, 8, 2021/09/20, 18:32:18.259, 58349763453, vstest.console.dll, TestHostManagerCallbacks.ExitCallBack: Testhost processId: 22464 exited with exitcode: 0 error: ''
TpTrace Verbose: 0 : 19804, 8, 2021/09/20, 18:32:18.259, 58349764146, vstest.console.dll, DotnetTestHostManager.OnHostExited: invoking OnHostExited callback
TpTrace Verbose: 0 : 19804, 8, 2021/09/20, 18:32:18.259, 58349764661, vstest.console.dll, CrossPlatEngine.TestHostManagerHostExited: calling on client process exit callback.
TpTrace Information: 0 : 19804, 8, 2021/09/20, 18:32:18.259, 58349765153, vstest.console.dll, TestRequestSender.OnClientProcessExit: Test host process exited. Standard error: 
TpTrace Information: 0 : 19804, 8, 2021/09/20, 18:32:18.260, 58349765635, vstest.console.dll, SocketServer.Stop: Stop server endPoint: 127.0.0.1:61634
TpTrace Warning: 0 : 19804, 14, 2021/09/20, 18:32:18.260, 58349765675, vstest.console.dll, ProxyOperationManager: Timed out waiting for test host to exit. Will terminate process.
TpTrace Information: 0 : 19804, 8, 2021/09/20, 18:32:18.260, 58349766003, vstest.console.dll, SocketServer.Stop: Cancellation requested. Stopping message loop.
TpTrace Verbose: 0 : 19804, 14, 2021/09/20, 18:32:18.260, 58349771886, vstest.console.dll, ProxyDataCollectionManager.InvokeDataCollectionServiceAction: Starting.
TpTrace Information: 0 : 19804, 14, 2021/09/20, 18:32:18.260, 58349772429, vstest.console.dll, ProxyDataCollectionManager.AfterTestRunEnd: Get attachment set for datacollector processId: 21476 port: 61630
TpTrace Verbose: 0 : 19804, 14, 2021/09/20, 18:32:18.260, 58349772841, vstest.console.dll, DataCollectionRequestSender.SendAfterTestRunStartAndGetResult : Send AfterTestRunEnd message with isCancelled: False
TpTrace Verbose: 0 : 19804, 14, 2021/09/20, 18:32:18.264, 58349810892, vstest.console.dll, DataCollectionRequestSender.SendAfterTestRunStartAndGetResult : Received message: (DataCollection.AfterTestRunEndResult) -> {
  "AttachmentSets": [],
  "Metrics": {}
}
TpTrace Information: 0 : 19804, 14, 2021/09/20, 18:32:18.268, 58349849992, vstest.console.dll, ProxyDataCollectionManager.InvokeDataCollectionServiceAction: Completed.
TpTrace Warning: 0 : 19804, 10, 2021/09/20, 18:32:18.268, 58349852046, vstest.console.dll, DataCollectionLauncher.ErrorReceivedCallback datacollector standard error line: 
TpTrace Information: 0 : 19804, 8, 2021/09/20, 18:32:18.273, 58349898015, vstest.console.dll, DataCollectionLauncher.ExitCallBack: Data collector exited with exitcode: 0 error: ''
TpTrace Verbose: 0 : 19804, 14, 2021/09/20, 18:32:18.313, 58350296401, vstest.console.dll, TestRunRequest:SendTestRunStatsChange: Starting.
TpTrace Information: 0 : 19804, 14, 2021/09/20, 18:32:18.313, 58350299018, vstest.console.dll, TestRunRequest:SendTestRunStatsChange: Completed.
TpTrace Verbose: 0 : 19804, 14, 2021/09/20, 18:32:18.313, 58350301238, vstest.console.dll, ParallelProxyExecutionManager: HandlePartialRunComplete: Total completed clients = 1, Run complete = True, Run canceled: False.
TpTrace Verbose: 0 : 19804, 14, 2021/09/20, 18:32:18.334, 58350505310, vstest.console.dll, TestRunRequest:TestRunComplete: Starting. IsAborted:False IsCanceled:False.
TpTrace Verbose: 0 : 19804, 14, 2021/09/20, 18:32:18.334, 58350507873, vstest.console.dll, TestLoggerManager.HandleTestRunComplete: Ignoring as the object is disposed.
TpTrace Information: 0 : 19804, 14, 2021/09/20, 18:32:18.334, 58350510640, vstest.console.dll, TestRunRequest:TestRunComplete: Completed.
TpTrace Verbose: 0 : 19804, 14, 2021/09/20, 18:32:18.334, 58350511111, vstest.console.dll, TestRequestSender.SetOperationComplete: Setting operation complete.
TpTrace Verbose: 0 : 19804, 1, 2021/09/20, 18:32:18.334, 58350511147, vstest.console.dll, TestRunRequest.Dispose: Starting.
TpTrace Information: 0 : 19804, 14, 2021/09/20, 18:32:18.334, 58350511413, vstest.console.dll, SocketServer.Stop: Stop server endPoint: 127.0.0.1:61634
TpTrace Information: 0 : 19804, 1, 2021/09/20, 18:32:18.334, 58350512170, vstest.console.dll, TestRunRequest.Dispose: Completed.
TpTrace Information: 0 : 19804, 14, 2021/09/20, 18:32:18.334, 58350512684, vstest.console.dll, SocketServer.Stop: Cancellation requested. Stopping message loop.
TpTrace Information: 0 : 19804, 1, 2021/09/20, 18:32:18.334, 58350513205, vstest.console.dll, TestRequestManager.RunTests: run tests completed.
TpTrace Information: 0 : 19804, 14, 2021/09/20, 18:32:18.334, 58350513417, vstest.console.dll, SocketServer.PrivateStop: Stopping server endPoint: 127.0.0.1:61634 error: 
TpTrace Information: 0 : 19804, 1, 2021/09/20, 18:32:18.334, 58350513940, vstest.console.dll, RunTestsArgumentProcessor:Execute: Test run is completed.
TpTrace Verbose: 0 : 19804, 1, 2021/09/20, 18:32:18.335, 58350515873, vstest.console.dll, Executor.Execute: Exiting with exit code of 1
TpTrace Verbose: 0 : 19804, 14, 2021/09/20, 18:32:18.335, 58350517549, vstest.console.dll, LengthPrefixCommunicationChannel.Dispose: Dispose reader and writer.
TpTrace Information: 0 : 19804, 14, 2021/09/20, 18:32:18.335, 58350518276, vstest.console.dll, SocketServer.Stop: Raise disconnected event endPoint: 127.0.0.1:61634 error: 
TpTrace Verbose: 0 : 19804, 14, 2021/09/20, 18:32:18.335, 58350518822, vstest.console.dll, TestRequestSender: OnTestRunAbort: Operation is already complete. Skip error message.
TpTrace Verbose: 0 : 19804, 14, 2021/09/20, 18:32:18.335, 58350519079, vstest.console.dll, TcpClientExtensions.MessageLoopAsync: exiting MessageLoopAsync remoteEndPoint: 127.0.0.1:61635 localEndPoint: 127.0.0.1:61634
